<?xml version="1.0" encoding="UTF-8" standalone="no"?>
<!DOCTYPE log SYSTEM "logger.dtd">
<log>
<record>
  <date>2019-12-12T04:07:09</date>
  <millis>1576145229761</millis>
  <sequence>0</sequence>
  <level>START</level>
  <class>com.kms.katalon.core.logging.XmlKeywordLogger</class>
  <method>startSuite</method>
  <thread>1</thread>
  <message>Start Test Suite : Test Suites/ts_newReservationDaycare</message>
  <nestedLevel>0</nestedLevel>
  <property name="name">ts_newReservationDaycare</property>
  <property name="description"></property>
  <property name="id">Test Suites/ts_newReservationDaycare</property>
</record>
<record>
  <date>2019-12-12T04:07:09</date>
  <millis>1576145229780</millis>
  <sequence>1</sequence>
  <level>RUN_DATA</level>
  <class>com.kms.katalon.core.logging.XmlKeywordLogger</class>
  <method>logMessage</method>
  <thread>1</thread>
  <message>hostName = leonardo-arkusmty - leonardoarkusmty-Inspiron-5577</message>
  <nestedLevel>0</nestedLevel>
  <property name="hostName">leonardo-arkusmty - leonardoarkusmty-Inspiron-5577</property>
</record>
<record>
  <date>2019-12-12T04:07:09</date>
  <millis>1576145229781</millis>
  <sequence>2</sequence>
  <level>RUN_DATA</level>
  <class>com.kms.katalon.core.logging.XmlKeywordLogger</class>
  <method>logMessage</method>
  <thread>1</thread>
  <message>os = Linux 64bit</message>
  <nestedLevel>0</nestedLevel>
  <property name="os">Linux 64bit</property>
</record>
<record>
  <date>2019-12-12T04:07:09</date>
  <millis>1576145229781</millis>
  <sequence>3</sequence>
  <level>RUN_DATA</level>
  <class>com.kms.katalon.core.logging.XmlKeywordLogger</class>
  <method>logMessage</method>
  <thread>1</thread>
  <message>hostAddress = 127.0.1.1</message>
  <nestedLevel>0</nestedLevel>
  <property name="hostAddress">127.0.1.1</property>
</record>
<record>
  <date>2019-12-12T04:07:09</date>
  <millis>1576145229782</millis>
  <sequence>4</sequence>
  <level>RUN_DATA</level>
  <class>com.kms.katalon.core.logging.XmlKeywordLogger</class>
  <method>logMessage</method>
  <thread>1</thread>
  <message>katalonVersion = 7.0.8.1</message>
  <nestedLevel>0</nestedLevel>
  <property name="katalonVersion">7.0.8.1</property>
</record>
<record>
  <date>2019-12-12T04:07:10</date>
  <millis>1576145230156</millis>
  <sequence>5</sequence>
  <level>START</level>
  <class>com.kms.katalon.core.logging.XmlKeywordLogger</class>
  <method>startTest</method>
  <thread>1</thread>
  <message>Start Test Case : Test Cases/p4p_newReservation</message>
  <nestedLevel>1</nestedLevel>
  <property name="name">Test Cases/p4p_newReservation</property>
  <property name="description"></property>
  <property name="id">Test Cases/p4p_newReservation</property>
  <property name="source">\\home\\leonardo-arkusmty\\Documents\\workspaceKatalon\\p4ptest\\Test Cases\\p4p_newReservation.tc</property>
  <property name="tag"></property>
  <property name="isOptional">false</property>
</record>
<record>
  <date>2019-12-12T04:07:10</date>
  <millis>1576145230221</millis>
  <sequence>7</sequence>
  <level>INFO</level>
  <class>com.kms.katalon.core.logging.XmlKeywordLogger</class>
  <method>logMessage</method>
  <thread>1</thread>
  <message>var_user = jegchavez@gmail.com</message>
  <nestedLevel>1</nestedLevel>
</record>
<record>
  <date>2019-12-12T04:07:10</date>
  <millis>1576145230222</millis>
  <sequence>8</sequence>
  <level>INFO</level>
  <class>com.kms.katalon.core.logging.XmlKeywordLogger</class>
  <method>logMessage</method>
  <thread>1</thread>
  <message>var_pass = admin1</message>
  <nestedLevel>1</nestedLevel>
</record>
<record>
  <date>2019-12-12T04:07:10</date>
  <millis>1576145230222</millis>
  <sequence>9</sequence>
  <level>INFO</level>
  <class>com.kms.katalon.core.logging.XmlKeywordLogger</class>
  <method>logMessage</method>
  <thread>1</thread>
  <message>var_searchParent = leongarzagarza@hotmail.com</message>
  <nestedLevel>1</nestedLevel>
</record>
<record>
  <date>2019-12-12T04:07:10</date>
  <millis>1576145230223</millis>
  <sequence>10</sequence>
  <level>INFO</level>
  <class>com.kms.katalon.core.logging.XmlKeywordLogger</class>
  <method>logMessage</method>
  <thread>1</thread>
  <message>var_typeReserveation = Daycare</message>
  <nestedLevel>1</nestedLevel>
</record>
<record>
  <date>2019-12-12T04:07:10</date>
  <millis>1576145230223</millis>
  <sequence>11</sequence>
  <level>INFO</level>
  <class>com.kms.katalon.core.logging.XmlKeywordLogger</class>
  <method>logMessage</method>
  <thread>1</thread>
  <message>var_idFacility = 3</message>
  <nestedLevel>1</nestedLevel>
</record>
<record>
  <date>2019-12-12T04:07:10</date>
  <millis>1576145230224</millis>
  <sequence>12</sequence>
  <level>INFO</level>
  <class>com.kms.katalon.core.logging.XmlKeywordLogger</class>
  <method>logMessage</method>
  <thread>1</thread>
  <message>var_checkinD = 1,12,2019</message>
  <nestedLevel>1</nestedLevel>
</record>
<record>
  <date>2019-12-12T04:07:10</date>
  <millis>1576145230224</millis>
  <sequence>13</sequence>
  <level>INFO</level>
  <class>com.kms.katalon.core.logging.XmlKeywordLogger</class>
  <method>logMessage</method>
  <thread>1</thread>
  <message>var_checkoutD = NA</message>
  <nestedLevel>1</nestedLevel>
</record>
<record>
  <date>2019-12-12T04:07:10</date>
  <millis>1576145230224</millis>
  <sequence>14</sequence>
  <level>INFO</level>
  <class>com.kms.katalon.core.logging.XmlKeywordLogger</class>
  <method>logMessage</method>
  <thread>1</thread>
  <message>var_checkinT = 800</message>
  <nestedLevel>1</nestedLevel>
</record>
<record>
  <date>2019-12-12T04:07:10</date>
  <millis>1576145230225</millis>
  <sequence>15</sequence>
  <level>INFO</level>
  <class>com.kms.katalon.core.logging.XmlKeywordLogger</class>
  <method>logMessage</method>
  <thread>1</thread>
  <message>var_checkoutT = 1200</message>
  <nestedLevel>1</nestedLevel>
</record>
<record>
  <date>2019-12-12T04:07:10</date>
  <millis>1576145230225</millis>
  <sequence>16</sequence>
  <level>INFO</level>
  <class>com.kms.katalon.core.logging.XmlKeywordLogger</class>
  <method>logMessage</method>
  <thread>1</thread>
  <message>var_repeting = NA</message>
  <nestedLevel>1</nestedLevel>
</record>
<record>
  <date>2019-12-12T04:07:10</date>
  <millis>1576145230226</millis>
  <sequence>17</sequence>
  <level>INFO</level>
  <class>com.kms.katalon.core.logging.XmlKeywordLogger</class>
  <method>logMessage</method>
  <thread>1</thread>
  <message>var_repeatingEvery = NA</message>
  <nestedLevel>1</nestedLevel>
</record>
<record>
  <date>2019-12-12T04:07:10</date>
  <millis>1576145230226</millis>
  <sequence>18</sequence>
  <level>INFO</level>
  <class>com.kms.katalon.core.logging.XmlKeywordLogger</class>
  <method>logMessage</method>
  <thread>1</thread>
  <message>var_petexist = Y</message>
  <nestedLevel>1</nestedLevel>
</record>
<record>
  <date>2019-12-12T04:07:10</date>
  <millis>1576145230226</millis>
  <sequence>19</sequence>
  <level>INFO</level>
  <class>com.kms.katalon.core.logging.XmlKeywordLogger</class>
  <method>logMessage</method>
  <thread>1</thread>
  <message>var_pets = Ares</message>
  <nestedLevel>1</nestedLevel>
</record>
<record>
  <date>2019-12-12T04:07:10</date>
  <millis>1576145230227</millis>
  <sequence>20</sequence>
  <level>INFO</level>
  <class>com.kms.katalon.core.logging.XmlKeywordLogger</class>
  <method>logMessage</method>
  <thread>1</thread>
  <message>var_suite = Oasis Deluxe</message>
  <nestedLevel>1</nestedLevel>
</record>
<record>
  <date>2019-12-12T04:07:10</date>
  <millis>1576145230227</millis>
  <sequence>21</sequence>
  <level>INFO</level>
  <class>com.kms.katalon.core.logging.XmlKeywordLogger</class>
  <method>logMessage</method>
  <thread>1</thread>
  <message>var_gender = </message>
  <nestedLevel>1</nestedLevel>
</record>
<record>
  <date>2019-12-12T04:07:10</date>
  <millis>1576145230227</millis>
  <sequence>22</sequence>
  <level>INFO</level>
  <class>com.kms.katalon.core.logging.XmlKeywordLogger</class>
  <method>logMessage</method>
  <thread>1</thread>
  <message>var_weight = </message>
  <nestedLevel>1</nestedLevel>
</record>
<record>
  <date>2019-12-12T04:07:10</date>
  <millis>1576145230228</millis>
  <sequence>23</sequence>
  <level>INFO</level>
  <class>com.kms.katalon.core.logging.XmlKeywordLogger</class>
  <method>logMessage</method>
  <thread>1</thread>
  <message>var_spayed = </message>
  <nestedLevel>1</nestedLevel>
</record>
<record>
  <date>2019-12-12T04:07:10</date>
  <millis>1576145230228</millis>
  <sequence>24</sequence>
  <level>INFO</level>
  <class>com.kms.katalon.core.logging.XmlKeywordLogger</class>
  <method>logMessage</method>
  <thread>1</thread>
  <message>var_breed = </message>
  <nestedLevel>1</nestedLevel>
</record>
<record>
  <date>2019-12-12T04:07:10</date>
  <millis>1576145230719</millis>
  <sequence>25</sequence>
  <level>START</level>
  <class>com.kms.katalon.core.logging.XmlKeywordLogger</class>
  <method>startKeyword</method>
  <thread>1</thread>
  <message>Start action : openBrowser(\&amp;quot;https://p4p-qa-bg.aws.paradise4paws.com/login/\&amp;quot;)</message>
  <nestedLevel>1</nestedLevel>
  <property name="startLine">29</property>
  <property name="stepIndex">1</property>
</record>
<record>
  <date>2019-12-12T04:07:10</date>
  <millis>1576145230892</millis>
  <sequence>27</sequence>
  <level>INFO</level>
  <class>com.kms.katalon.core.logging.XmlKeywordLogger</class>
  <method>logMessage</method>
  <thread>1</thread>
  <message>Starting &amp;apos;Firefox&amp;apos; driver</message>
  <nestedLevel>1</nestedLevel>
</record>
<record>
  <date>2019-12-12T04:07:10</date>
  <millis>1576145230967</millis>
  <sequence>29</sequence>
  <level>INFO</level>
  <class>com.kms.katalon.core.logging.XmlKeywordLogger</class>
  <method>logMessage</method>
  <thread>1</thread>
  <message>Action delay is set to 0 seconds</message>
  <nestedLevel>1</nestedLevel>
</record>
<record>
  <date>2019-12-12T04:07:13</date>
  <millis>1576145233618</millis>
  <sequence>31</sequence>
  <level>RUN_DATA</level>
  <class>com.kms.katalon.core.logging.XmlKeywordLogger</class>
  <method>logMessage</method>
  <thread>1</thread>
  <message>sessionId = f76f2017-df09-4ba7-af2d-1aa863da6fce</message>
  <nestedLevel>1</nestedLevel>
  <property name="sessionId">f76f2017-df09-4ba7-af2d-1aa863da6fce</property>
</record>
<record>
  <date>2019-12-12T04:07:13</date>
  <millis>1576145233634</millis>
  <sequence>32</sequence>
  <level>RUN_DATA</level>
  <class>com.kms.katalon.core.logging.XmlKeywordLogger</class>
  <method>logMessage</method>
  <thread>1</thread>
  <message>browser = Firefox 70.0</message>
  <nestedLevel>1</nestedLevel>
  <property name="browser">Firefox 70.0</property>
</record>
<record>
  <date>2019-12-12T04:07:13</date>
  <millis>1576145233634</millis>
  <sequence>33</sequence>
  <level>RUN_DATA</level>
  <class>com.kms.katalon.core.logging.XmlKeywordLogger</class>
  <method>logMessage</method>
  <thread>1</thread>
  <message>platform = Linux</message>
  <nestedLevel>1</nestedLevel>
  <property name="platform">Linux</property>
</record>
<record>
  <date>2019-12-12T04:07:13</date>
  <millis>1576145233635</millis>
  <sequence>34</sequence>
  <level>RUN_DATA</level>
  <class>com.kms.katalon.core.logging.XmlKeywordLogger</class>
  <method>logMessage</method>
  <thread>1</thread>
  <message>seleniumVersion = 3.141.59</message>
  <nestedLevel>1</nestedLevel>
  <property name="seleniumVersion">3.141.59</property>
</record>
<record>
  <date>2019-12-12T04:07:13</date>
  <millis>1576145233636</millis>
  <sequence>35</sequence>
  <level>RUN_DATA</level>
  <class>com.kms.katalon.core.logging.XmlKeywordLogger</class>
  <method>logMessage</method>
  <thread>1</thread>
  <message>proxyInformation = ProxyInformation{proxyOption=NO_PROXY, proxyServerType=HTTP, password=, proxyServerAddress=, proxyServerPort=0}</message>
  <nestedLevel>1</nestedLevel>
  <property name="proxyInformation">ProxyInformation{proxyOption=NO_PROXY, proxyServerType=HTTP, password=, proxyServerAddress=, proxyServerPort=0}</property>
</record>
<record>
  <date>2019-12-12T04:07:15</date>
  <millis>1576145235853</millis>
  <sequence>37</sequence>
  <level>PASSED</level>
  <class>com.kms.katalon.core.logging.XmlKeywordLogger</class>
  <method>logMessage</method>
  <thread>1</thread>
  <message>Browser is opened with url: &amp;apos;https://p4p-qa-bg.aws.paradise4paws.com/login/&amp;apos;</message>
  <nestedLevel>1</nestedLevel>
</record>
<record>
  <date>2019-12-12T04:07:15</date>
  <millis>1576145235854</millis>
  <sequence>38</sequence>
  <level>END</level>
  <class>com.kms.katalon.core.logging.XmlKeywordLogger</class>
  <method>endKeyword</method>
  <thread>1</thread>
  <message>End action : openBrowser(\&amp;quot;https://p4p-qa-bg.aws.paradise4paws.com/login/\&amp;quot;)</message>
  <nestedLevel>1</nestedLevel>
</record>
<record>
  <date>2019-12-12T04:07:15</date>
  <millis>1576145235854</millis>
  <sequence>39</sequence>
  <level>START</level>
  <class>com.kms.katalon.core.logging.XmlKeywordLogger</class>
  <method>startKeyword</method>
  <thread>1</thread>
  <message>Start action : setText(findTestObject(\&amp;quot;object_login/input_user\&amp;quot;), var_user)</message>
  <nestedLevel>1</nestedLevel>
  <property name="startLine">31</property>
  <property name="stepIndex">2</property>
</record>
<record>
  <date>2019-12-12T04:07:16</date>
  <millis>1576145236528</millis>
  <sequence>49</sequence>
  <level>PASSED</level>
  <class>com.kms.katalon.core.logging.XmlKeywordLogger</class>
  <method>logMessage</method>
  <thread>1</thread>
  <message>Text &amp;apos;jegchavez@gmail.com&amp;apos; is set on object &amp;apos;Object Repository/object_login/input_user&amp;apos;</message>
  <nestedLevel>1</nestedLevel>
</record>
<record>
  <date>2019-12-12T04:07:16</date>
  <millis>1576145236529</millis>
  <sequence>50</sequence>
  <level>END</level>
  <class>com.kms.katalon.core.logging.XmlKeywordLogger</class>
  <method>endKeyword</method>
  <thread>1</thread>
  <message>End action : setText(findTestObject(\&amp;quot;object_login/input_user\&amp;quot;), var_user)</message>
  <nestedLevel>1</nestedLevel>
</record>
<record>
  <date>2019-12-12T04:07:16</date>
  <millis>1576145236529</millis>
  <sequence>51</sequence>
  <level>START</level>
  <class>com.kms.katalon.core.logging.XmlKeywordLogger</class>
  <method>startKeyword</method>
  <thread>1</thread>
  <message>Start action : setText(findTestObject(\&amp;quot;object_login/input_pass\&amp;quot;), var_pass)</message>
  <nestedLevel>1</nestedLevel>
  <property name="startLine">33</property>
  <property name="stepIndex">3</property>
</record>
<record>
  <date>2019-12-12T04:07:17</date>
  <millis>1576145237041</millis>
  <sequence>61</sequence>
  <level>PASSED</level>
  <class>com.kms.katalon.core.logging.XmlKeywordLogger</class>
  <method>logMessage</method>
  <thread>1</thread>
  <message>Text &amp;apos;admin1&amp;apos; is set on object &amp;apos;Object Repository/object_login/input_pass&amp;apos;</message>
  <nestedLevel>1</nestedLevel>
</record>
<record>
  <date>2019-12-12T04:07:17</date>
  <millis>1576145237042</millis>
  <sequence>62</sequence>
  <level>END</level>
  <class>com.kms.katalon.core.logging.XmlKeywordLogger</class>
  <method>endKeyword</method>
  <thread>1</thread>
  <message>End action : setText(findTestObject(\&amp;quot;object_login/input_pass\&amp;quot;), var_pass)</message>
  <nestedLevel>1</nestedLevel>
</record>
<record>
  <date>2019-12-12T04:07:17</date>
  <millis>1576145237042</millis>
  <sequence>63</sequence>
  <level>START</level>
  <class>com.kms.katalon.core.logging.XmlKeywordLogger</class>
  <method>startKeyword</method>
  <thread>1</thread>
  <message>Start action : delay(2)</message>
  <nestedLevel>1</nestedLevel>
  <property name="startLine">35</property>
  <property name="stepIndex">4</property>
</record>
<record>
  <date>2019-12-12T04:07:19</date>
  <millis>1576145239053</millis>
  <sequence>65</sequence>
  <level>PASSED</level>
  <class>com.kms.katalon.core.logging.XmlKeywordLogger</class>
  <method>logMessage</method>
  <thread>1</thread>
  <message>Delayed 2 second(s)</message>
  <nestedLevel>1</nestedLevel>
</record>
<record>
  <date>2019-12-12T04:07:19</date>
  <millis>1576145239054</millis>
  <sequence>66</sequence>
  <level>END</level>
  <class>com.kms.katalon.core.logging.XmlKeywordLogger</class>
  <method>endKeyword</method>
  <thread>1</thread>
  <message>End action : delay(2)</message>
  <nestedLevel>1</nestedLevel>
</record>
<record>
  <date>2019-12-12T04:07:19</date>
  <millis>1576145239054</millis>
  <sequence>67</sequence>
  <level>START</level>
  <class>com.kms.katalon.core.logging.XmlKeywordLogger</class>
  <method>startKeyword</method>
  <thread>1</thread>
  <message>Start action : verifyElementClickable(findTestObject(\&amp;quot;object_login/btn_login\&amp;quot;))</message>
  <nestedLevel>1</nestedLevel>
  <property name="startLine">37</property>
  <property name="stepIndex">5</property>
</record>
<record>
  <date>2019-12-12T04:07:19</date>
  <millis>1576145239325</millis>
  <sequence>74</sequence>
  <level>PASSED</level>
  <class>com.kms.katalon.core.logging.XmlKeywordLogger</class>
  <method>logMessage</method>
  <thread>1</thread>
  <message>Object &amp;apos;Object Repository/object_login/btn_login&amp;apos; is clickable</message>
  <nestedLevel>1</nestedLevel>
</record>
<record>
  <date>2019-12-12T04:07:19</date>
  <millis>1576145239326</millis>
  <sequence>75</sequence>
  <level>END</level>
  <class>com.kms.katalon.core.logging.XmlKeywordLogger</class>
  <method>endKeyword</method>
  <thread>1</thread>
  <message>End action : verifyElementClickable(findTestObject(\&amp;quot;object_login/btn_login\&amp;quot;))</message>
  <nestedLevel>1</nestedLevel>
</record>
<record>
  <date>2019-12-12T04:07:19</date>
  <millis>1576145239326</millis>
  <sequence>76</sequence>
  <level>START</level>
  <class>com.kms.katalon.core.logging.XmlKeywordLogger</class>
  <method>startKeyword</method>
  <thread>1</thread>
  <message>Start action : click(findTestObject(\&amp;quot;object_login/btn_login\&amp;quot;))</message>
  <nestedLevel>1</nestedLevel>
  <property name="startLine">39</property>
  <property name="stepIndex">6</property>
</record>
<record>
  <date>2019-12-12T04:07:22</date>
  <millis>1576145242324</millis>
  <sequence>85</sequence>
  <level>PASSED</level>
  <class>com.kms.katalon.core.logging.XmlKeywordLogger</class>
  <method>logMessage</method>
  <thread>1</thread>
  <message>Object: &amp;apos;Object Repository/object_login/btn_login&amp;apos; is clicked on</message>
  <nestedLevel>1</nestedLevel>
</record>
<record>
  <date>2019-12-12T04:07:22</date>
  <millis>1576145242325</millis>
  <sequence>86</sequence>
  <level>END</level>
  <class>com.kms.katalon.core.logging.XmlKeywordLogger</class>
  <method>endKeyword</method>
  <thread>1</thread>
  <message>End action : click(findTestObject(\&amp;quot;object_login/btn_login\&amp;quot;))</message>
  <nestedLevel>1</nestedLevel>
</record>
<record>
  <date>2019-12-12T04:07:22</date>
  <millis>1576145242325</millis>
  <sequence>87</sequence>
  <level>START</level>
  <class>com.kms.katalon.core.logging.XmlKeywordLogger</class>
  <method>startKeyword</method>
  <thread>1</thread>
  <message>Start action : delay(2)</message>
  <nestedLevel>1</nestedLevel>
  <property name="startLine">41</property>
  <property name="stepIndex">7</property>
</record>
<record>
  <date>2019-12-12T04:07:24</date>
  <millis>1576145244328</millis>
  <sequence>89</sequence>
  <level>PASSED</level>
  <class>com.kms.katalon.core.logging.XmlKeywordLogger</class>
  <method>logMessage</method>
  <thread>1</thread>
  <message>Delayed 2 second(s)</message>
  <nestedLevel>1</nestedLevel>
</record>
<record>
  <date>2019-12-12T04:07:24</date>
  <millis>1576145244329</millis>
  <sequence>90</sequence>
  <level>END</level>
  <class>com.kms.katalon.core.logging.XmlKeywordLogger</class>
  <method>endKeyword</method>
  <thread>1</thread>
  <message>End action : delay(2)</message>
  <nestedLevel>1</nestedLevel>
</record>
<record>
  <date>2019-12-12T04:07:24</date>
  <millis>1576145244329</millis>
  <sequence>91</sequence>
  <level>START</level>
  <class>com.kms.katalon.core.logging.XmlKeywordLogger</class>
  <method>startKeyword</method>
  <thread>1</thread>
  <message>Start action : setText(findTestObject(\&amp;quot;object_dashboard_emp/input_search\&amp;quot;), var_searchParent)</message>
  <nestedLevel>1</nestedLevel>
  <property name="startLine">43</property>
  <property name="stepIndex">8</property>
</record>
<record>
  <date>2019-12-12T04:07:24</date>
  <millis>1576145244707</millis>
  <sequence>101</sequence>
  <level>PASSED</level>
  <class>com.kms.katalon.core.logging.XmlKeywordLogger</class>
  <method>logMessage</method>
  <thread>1</thread>
  <message>Text &amp;apos;leongarzagarza@hotmail.com&amp;apos; is set on object &amp;apos;Object Repository/object_dashboard_emp/input_search&amp;apos;</message>
  <nestedLevel>1</nestedLevel>
</record>
<record>
  <date>2019-12-12T04:07:24</date>
  <millis>1576145244708</millis>
  <sequence>102</sequence>
  <level>END</level>
  <class>com.kms.katalon.core.logging.XmlKeywordLogger</class>
  <method>endKeyword</method>
  <thread>1</thread>
  <message>End action : setText(findTestObject(\&amp;quot;object_dashboard_emp/input_search\&amp;quot;), var_searchParent)</message>
  <nestedLevel>1</nestedLevel>
</record>
<record>
  <date>2019-12-12T04:07:24</date>
  <millis>1576145244709</millis>
  <sequence>103</sequence>
  <level>START</level>
  <class>com.kms.katalon.core.logging.XmlKeywordLogger</class>
  <method>startKeyword</method>
  <thread>1</thread>
  <message>Start action : click(findTestObject(\&amp;quot;object_dashboard_emp/btn_accountSearch\&amp;quot;))</message>
  <nestedLevel>1</nestedLevel>
  <property name="startLine">45</property>
  <property name="stepIndex">9</property>
</record>
<record>
  <date>2019-12-12T04:07:25</date>
  <millis>1576145245763</millis>
  <sequence>112</sequence>
  <level>PASSED</level>
  <class>com.kms.katalon.core.logging.XmlKeywordLogger</class>
  <method>logMessage</method>
  <thread>1</thread>
  <message>Object: &amp;apos;Object Repository/object_dashboard_emp/btn_accountSearch&amp;apos; is clicked on</message>
  <nestedLevel>1</nestedLevel>
</record>
<record>
  <date>2019-12-12T04:07:25</date>
  <millis>1576145245764</millis>
  <sequence>113</sequence>
  <level>END</level>
  <class>com.kms.katalon.core.logging.XmlKeywordLogger</class>
  <method>endKeyword</method>
  <thread>1</thread>
  <message>End action : click(findTestObject(\&amp;quot;object_dashboard_emp/btn_accountSearch\&amp;quot;))</message>
  <nestedLevel>1</nestedLevel>
</record>
<record>
  <date>2019-12-12T04:07:25</date>
  <millis>1576145245764</millis>
  <sequence>114</sequence>
  <level>START</level>
  <class>com.kms.katalon.core.logging.XmlKeywordLogger</class>
  <method>startKeyword</method>
  <thread>1</thread>
  <message>Start action : delay(2)</message>
  <nestedLevel>1</nestedLevel>
  <property name="startLine">47</property>
  <property name="stepIndex">10</property>
</record>
<record>
  <date>2019-12-12T04:07:27</date>
  <millis>1576145247766</millis>
  <sequence>116</sequence>
  <level>PASSED</level>
  <class>com.kms.katalon.core.logging.XmlKeywordLogger</class>
  <method>logMessage</method>
  <thread>1</thread>
  <message>Delayed 2 second(s)</message>
  <nestedLevel>1</nestedLevel>
</record>
<record>
  <date>2019-12-12T04:07:27</date>
  <millis>1576145247767</millis>
  <sequence>117</sequence>
  <level>END</level>
  <class>com.kms.katalon.core.logging.XmlKeywordLogger</class>
  <method>endKeyword</method>
  <thread>1</thread>
  <message>End action : delay(2)</message>
  <nestedLevel>1</nestedLevel>
</record>
<record>
  <date>2019-12-12T04:07:27</date>
  <millis>1576145247767</millis>
  <sequence>118</sequence>
  <level>START</level>
  <class>com.kms.katalon.core.logging.XmlKeywordLogger</class>
  <method>startKeyword</method>
  <thread>1</thread>
  <message>Start action : click(findTestObject(\&amp;quot;object_accountInformation/a_TEST GABRIEL PROD\&amp;quot;))</message>
  <nestedLevel>1</nestedLevel>
  <property name="startLine">49</property>
  <property name="stepIndex">11</property>
</record>
<record>
  <date>2019-12-12T04:07:29</date>
  <millis>1576145249604</millis>
  <sequence>127</sequence>
  <level>PASSED</level>
  <class>com.kms.katalon.core.logging.XmlKeywordLogger</class>
  <method>logMessage</method>
  <thread>1</thread>
  <message>Object: &amp;apos;Object Repository/object_accountInformation/a_TEST GABRIEL PROD&amp;apos; is clicked on</message>
  <nestedLevel>1</nestedLevel>
</record>
<record>
  <date>2019-12-12T04:07:29</date>
  <millis>1576145249605</millis>
  <sequence>128</sequence>
  <level>END</level>
  <class>com.kms.katalon.core.logging.XmlKeywordLogger</class>
  <method>endKeyword</method>
  <thread>1</thread>
  <message>End action : click(findTestObject(\&amp;quot;object_accountInformation/a_TEST GABRIEL PROD\&amp;quot;))</message>
  <nestedLevel>1</nestedLevel>
</record>
<record>
  <date>2019-12-12T04:07:29</date>
  <millis>1576145249606</millis>
  <sequence>129</sequence>
  <level>START</level>
  <class>com.kms.katalon.core.logging.XmlKeywordLogger</class>
  <method>startKeyword</method>
  <thread>1</thread>
  <message>Start action : delay(2)</message>
  <nestedLevel>1</nestedLevel>
  <property name="startLine">51</property>
  <property name="stepIndex">12</property>
</record>
<record>
  <date>2019-12-12T04:07:31</date>
  <millis>1576145251608</millis>
  <sequence>131</sequence>
  <level>PASSED</level>
  <class>com.kms.katalon.core.logging.XmlKeywordLogger</class>
  <method>logMessage</method>
  <thread>1</thread>
  <message>Delayed 2 second(s)</message>
  <nestedLevel>1</nestedLevel>
</record>
<record>
  <date>2019-12-12T04:07:31</date>
  <millis>1576145251609</millis>
  <sequence>132</sequence>
  <level>END</level>
  <class>com.kms.katalon.core.logging.XmlKeywordLogger</class>
  <method>endKeyword</method>
  <thread>1</thread>
  <message>End action : delay(2)</message>
  <nestedLevel>1</nestedLevel>
</record>
<record>
  <date>2019-12-12T04:07:31</date>
  <millis>1576145251609</millis>
  <sequence>133</sequence>
  <level>START</level>
  <class>com.kms.katalon.core.logging.XmlKeywordLogger</class>
  <method>startKeyword</method>
  <thread>1</thread>
  <message>Start action : click(findTestObject(\&amp;quot;object_profile/a_addReservation\&amp;quot;))</message>
  <nestedLevel>1</nestedLevel>
  <property name="startLine">53</property>
  <property name="stepIndex">13</property>
</record>
<record>
  <date>2019-12-12T04:07:33</date>
  <millis>1576145253581</millis>
  <sequence>142</sequence>
  <level>PASSED</level>
  <class>com.kms.katalon.core.logging.XmlKeywordLogger</class>
  <method>logMessage</method>
  <thread>1</thread>
  <message>Object: &amp;apos;Object Repository/object_profile/a_addReservation&amp;apos; is clicked on</message>
  <nestedLevel>1</nestedLevel>
</record>
<record>
  <date>2019-12-12T04:07:33</date>
  <millis>1576145253582</millis>
  <sequence>143</sequence>
  <level>END</level>
  <class>com.kms.katalon.core.logging.XmlKeywordLogger</class>
  <method>endKeyword</method>
  <thread>1</thread>
  <message>End action : click(findTestObject(\&amp;quot;object_profile/a_addReservation\&amp;quot;))</message>
  <nestedLevel>1</nestedLevel>
</record>
<record>
  <date>2019-12-12T04:07:33</date>
  <millis>1576145253582</millis>
  <sequence>144</sequence>
  <level>START</level>
  <class>com.kms.katalon.core.logging.XmlKeywordLogger</class>
  <method>startKeyword</method>
  <thread>1</thread>
  <message>Start action : delay(2)</message>
  <nestedLevel>1</nestedLevel>
  <property name="startLine">55</property>
  <property name="stepIndex">14</property>
</record>
<record>
  <date>2019-12-12T04:07:35</date>
  <millis>1576145255584</millis>
  <sequence>146</sequence>
  <level>PASSED</level>
  <class>com.kms.katalon.core.logging.XmlKeywordLogger</class>
  <method>logMessage</method>
  <thread>1</thread>
  <message>Delayed 2 second(s)</message>
  <nestedLevel>1</nestedLevel>
</record>
<record>
  <date>2019-12-12T04:07:35</date>
  <millis>1576145255585</millis>
  <sequence>147</sequence>
  <level>END</level>
  <class>com.kms.katalon.core.logging.XmlKeywordLogger</class>
  <method>endKeyword</method>
  <thread>1</thread>
  <message>End action : delay(2)</message>
  <nestedLevel>1</nestedLevel>
</record>
<record>
  <date>2019-12-12T04:07:35</date>
  <millis>1576145255585</millis>
  <sequence>148</sequence>
  <level>START</level>
  <class>com.kms.katalon.core.logging.XmlKeywordLogger</class>
  <method>startKeyword</method>
  <thread>1</thread>
  <message>Start action : flagBoar = \&amp;quot;0\&amp;quot;</message>
  <nestedLevel>1</nestedLevel>
  <property name="startLine">57</property>
  <property name="stepIndex">15</property>
</record>
<record>
  <date>2019-12-12T04:07:35</date>
  <millis>1576145255588</millis>
  <sequence>149</sequence>
  <level>END</level>
  <class>com.kms.katalon.core.logging.XmlKeywordLogger</class>
  <method>endKeyword</method>
  <thread>1</thread>
  <message>End action : flagBoar = \&amp;quot;0\&amp;quot;</message>
  <nestedLevel>1</nestedLevel>
</record>
<record>
  <date>2019-12-12T04:07:35</date>
  <millis>1576145255588</millis>
  <sequence>150</sequence>
  <level>START</level>
  <class>com.kms.katalon.core.logging.XmlKeywordLogger</class>
  <method>startKeyword</method>
  <thread>1</thread>
  <message>Start action : log = new com.kms.katalon.core.logging.KeywordLogger()</message>
  <nestedLevel>1</nestedLevel>
  <property name="startLine">59</property>
  <property name="stepIndex">16</property>
</record>
<record>
  <date>2019-12-12T04:07:35</date>
  <millis>1576145255590</millis>
  <sequence>151</sequence>
  <level>END</level>
  <class>com.kms.katalon.core.logging.XmlKeywordLogger</class>
  <method>endKeyword</method>
  <thread>1</thread>
  <message>End action : log = new com.kms.katalon.core.logging.KeywordLogger()</message>
  <nestedLevel>1</nestedLevel>
</record>
<record>
  <date>2019-12-12T04:07:35</date>
  <millis>1576145255591</millis>
  <sequence>152</sequence>
  <level>START</level>
  <class>com.kms.katalon.core.logging.XmlKeywordLogger</class>
  <method>startKeyword</method>
  <thread>1</thread>
  <message>Start action : log.logInfo(var_typeReserveation)</message>
  <nestedLevel>1</nestedLevel>
  <property name="startLine">61</property>
  <property name="stepIndex">17</property>
</record>
<record>
  <date>2019-12-12T04:07:35</date>
  <millis>1576145255592</millis>
  <sequence>153</sequence>
  <level>INFO</level>
  <class>com.kms.katalon.core.logging.XmlKeywordLogger</class>
  <method>logMessage</method>
  <thread>1</thread>
  <message>Daycare</message>
  <nestedLevel>1</nestedLevel>
</record>
<record>
  <date>2019-12-12T04:07:35</date>
  <millis>1576145255593</millis>
  <sequence>154</sequence>
  <level>END</level>
  <class>com.kms.katalon.core.logging.XmlKeywordLogger</class>
  <method>endKeyword</method>
  <thread>1</thread>
  <message>End action : log.logInfo(var_typeReserveation)</message>
  <nestedLevel>1</nestedLevel>
</record>
<record>
  <date>2019-12-12T04:07:35</date>
  <millis>1576145255593</millis>
  <sequence>155</sequence>
  <level>START</level>
  <class>com.kms.katalon.core.logging.XmlKeywordLogger</class>
  <method>startKeyword</method>
  <thread>1</thread>
  <message>Start action : if (var_typeReserveation == \&amp;quot;Boarding\&amp;quot;)</message>
  <nestedLevel>1</nestedLevel>
  <property name="startLine">63</property>
  <property name="stepIndex">18</property>
</record>
<record>
  <date>2019-12-12T04:07:35</date>
  <millis>1576145255594</millis>
  <sequence>156</sequence>
  <level>END</level>
  <class>com.kms.katalon.core.logging.XmlKeywordLogger</class>
  <method>endKeyword</method>
  <thread>1</thread>
  <message>End action : if (var_typeReserveation == \&amp;quot;Boarding\&amp;quot;)</message>
  <nestedLevel>1</nestedLevel>
</record>
<record>
  <date>2019-12-12T04:07:35</date>
  <millis>1576145255594</millis>
  <sequence>157</sequence>
  <level>START</level>
  <class>com.kms.katalon.core.logging.XmlKeywordLogger</class>
  <method>startKeyword</method>
  <thread>1</thread>
  <message>Start action : else if (var_typeReserveation == \&amp;quot;Daycare\&amp;quot;)</message>
  <nestedLevel>1</nestedLevel>
  <property name="startLine">67</property>
  <property name="stepIndex">19</property>
</record>
<record>
  <date>2019-12-12T04:07:35</date>
  <millis>1576145255594</millis>
  <sequence>158</sequence>
  <level>START</level>
  <class>com.kms.katalon.core.logging.XmlKeywordLogger</class>
  <method>startKeyword</method>
  <thread>1</thread>
  <message>Start action : flagBoar = \&amp;quot;2\&amp;quot;</message>
  <nestedLevel>2</nestedLevel>
  <property name="startLine">68</property>
  <property name="stepIndex">1</property>
</record>
<record>
  <date>2019-12-12T04:07:35</date>
  <millis>1576145255594</millis>
  <sequence>159</sequence>
  <level>END</level>
  <class>com.kms.katalon.core.logging.XmlKeywordLogger</class>
  <method>endKeyword</method>
  <thread>1</thread>
  <message>End action : flagBoar = \&amp;quot;2\&amp;quot;</message>
  <nestedLevel>2</nestedLevel>
</record>
<record>
  <date>2019-12-12T04:07:35</date>
  <millis>1576145255595</millis>
  <sequence>160</sequence>
  <level>START</level>
  <class>com.kms.katalon.core.logging.XmlKeywordLogger</class>
  <method>startKeyword</method>
  <thread>1</thread>
  <message>Start action : click(findTestObject(\&amp;quot;object_reservation/btn_Daycare\&amp;quot;))</message>
  <nestedLevel>2</nestedLevel>
  <property name="startLine">70</property>
  <property name="stepIndex">2</property>
</record>
<record>
  <date>2019-12-12T04:07:36</date>
  <millis>1576145256178</millis>
  <sequence>169</sequence>
  <level>PASSED</level>
  <class>com.kms.katalon.core.logging.XmlKeywordLogger</class>
  <method>logMessage</method>
  <thread>1</thread>
  <message>Object: &amp;apos;Object Repository/object_reservation/btn_Daycare&amp;apos; is clicked on</message>
  <nestedLevel>1</nestedLevel>
</record>
<record>
  <date>2019-12-12T04:07:36</date>
  <millis>1576145256179</millis>
  <sequence>170</sequence>
  <level>END</level>
  <class>com.kms.katalon.core.logging.XmlKeywordLogger</class>
  <method>endKeyword</method>
  <thread>1</thread>
  <message>End action : click(findTestObject(\&amp;quot;object_reservation/btn_Daycare\&amp;quot;))</message>
  <nestedLevel>2</nestedLevel>
</record>
<record>
  <date>2019-12-12T04:07:36</date>
  <millis>1576145256180</millis>
  <sequence>171</sequence>
  <level>END</level>
  <class>com.kms.katalon.core.logging.XmlKeywordLogger</class>
  <method>endKeyword</method>
  <thread>1</thread>
  <message>End action : else if (var_typeReserveation == \&amp;quot;Daycare\&amp;quot;)</message>
  <nestedLevel>1</nestedLevel>
</record>
<record>
  <date>2019-12-12T04:07:36</date>
  <millis>1576145256180</millis>
  <sequence>172</sequence>
  <level>START</level>
  <class>com.kms.katalon.core.logging.XmlKeywordLogger</class>
  <method>startKeyword</method>
  <thread>1</thread>
  <message>Start action : click(findTestObject(\&amp;quot;object_reservation/i_location\&amp;quot;))</message>
  <nestedLevel>1</nestedLevel>
  <property name="startLine">77</property>
  <property name="stepIndex">21</property>
</record>
<record>
  <date>2019-12-12T04:07:38</date>
  <millis>1576145258618</millis>
  <sequence>181</sequence>
  <level>PASSED</level>
  <class>com.kms.katalon.core.logging.XmlKeywordLogger</class>
  <method>logMessage</method>
  <thread>1</thread>
  <message>Object: &amp;apos;Object Repository/object_reservation/i_location&amp;apos; is clicked on</message>
  <nestedLevel>1</nestedLevel>
</record>
<record>
  <date>2019-12-12T04:07:38</date>
  <millis>1576145258619</millis>
  <sequence>182</sequence>
  <level>END</level>
  <class>com.kms.katalon.core.logging.XmlKeywordLogger</class>
  <method>endKeyword</method>
  <thread>1</thread>
  <message>End action : click(findTestObject(\&amp;quot;object_reservation/i_location\&amp;quot;))</message>
  <nestedLevel>1</nestedLevel>
</record>
<record>
  <date>2019-12-12T04:07:38</date>
  <millis>1576145258619</millis>
  <sequence>183</sequence>
  <level>START</level>
  <class>com.kms.katalon.core.logging.XmlKeywordLogger</class>
  <method>startKeyword</method>
  <thread>1</thread>
  <message>Start action : switch (var_idFacility)</message>
  <nestedLevel>1</nestedLevel>
  <property name="startLine">79</property>
  <property name="stepIndex">22</property>
</record>
<record>
  <date>2019-12-12T04:07:38</date>
  <millis>1576145258620</millis>
  <sequence>184</sequence>
  <level>END</level>
  <class>com.kms.katalon.core.logging.XmlKeywordLogger</class>
  <method>endKeyword</method>
  <thread>1</thread>
  <message>End action : switch (var_idFacility)</message>
  <nestedLevel>1</nestedLevel>
</record>
<record>
  <date>2019-12-12T04:07:38</date>
  <millis>1576145258620</millis>
  <sequence>185</sequence>
  <level>START</level>
  <class>com.kms.katalon.core.logging.XmlKeywordLogger</class>
  <method>startKeyword</method>
  <thread>1</thread>
  <message>Start action : dateCI = var_checkinD.split(\&amp;quot;,\&amp;quot;)</message>
  <nestedLevel>1</nestedLevel>
  <property name="startLine">166</property>
  <property name="stepIndex">23</property>
</record>
<record>
  <date>2019-12-12T04:07:38</date>
  <millis>1576145258622</millis>
  <sequence>186</sequence>
  <level>END</level>
  <class>com.kms.katalon.core.logging.XmlKeywordLogger</class>
  <method>endKeyword</method>
  <thread>1</thread>
  <message>End action : dateCI = var_checkinD.split(\&amp;quot;,\&amp;quot;)</message>
  <nestedLevel>1</nestedLevel>
</record>
<record>
  <date>2019-12-12T04:07:38</date>
  <millis>1576145258622</millis>
  <sequence>187</sequence>
  <level>START</level>
  <class>com.kms.katalon.core.logging.XmlKeywordLogger</class>
  <method>startKeyword</method>
  <thread>1</thread>
  <message>Start action : dateCO = var_checkoutD.split(\&amp;quot;,\&amp;quot;)</message>
  <nestedLevel>1</nestedLevel>
  <property name="startLine">168</property>
  <property name="stepIndex">24</property>
</record>
<record>
  <date>2019-12-12T04:07:38</date>
  <millis>1576145258623</millis>
  <sequence>188</sequence>
  <level>END</level>
  <class>com.kms.katalon.core.logging.XmlKeywordLogger</class>
  <method>endKeyword</method>
  <thread>1</thread>
  <message>End action : dateCO = var_checkoutD.split(\&amp;quot;,\&amp;quot;)</message>
  <nestedLevel>1</nestedLevel>
</record>
<record>
  <date>2019-12-12T04:07:38</date>
  <millis>1576145258623</millis>
  <sequence>189</sequence>
  <level>START</level>
  <class>com.kms.katalon.core.logging.XmlKeywordLogger</class>
  <method>startKeyword</method>
  <thread>1</thread>
  <message>Start action : arryPets = var_pets.split(\&amp;quot;,\&amp;quot;)</message>
  <nestedLevel>1</nestedLevel>
  <property name="startLine">170</property>
  <property name="stepIndex">25</property>
</record>
<record>
  <date>2019-12-12T04:07:38</date>
  <millis>1576145258623</millis>
  <sequence>190</sequence>
  <level>END</level>
  <class>com.kms.katalon.core.logging.XmlKeywordLogger</class>
  <method>endKeyword</method>
  <thread>1</thread>
  <message>End action : arryPets = var_pets.split(\&amp;quot;,\&amp;quot;)</message>
  <nestedLevel>1</nestedLevel>
</record>
<record>
  <date>2019-12-12T04:07:38</date>
  <millis>1576145258623</millis>
  <sequence>191</sequence>
  <level>START</level>
  <class>com.kms.katalon.core.logging.XmlKeywordLogger</class>
  <method>startKeyword</method>
  <thread>1</thread>
  <message>Start action : delay(2)</message>
  <nestedLevel>1</nestedLevel>
  <property name="startLine">172</property>
  <property name="stepIndex">26</property>
</record>
<record>
  <date>2019-12-12T04:07:40</date>
  <millis>1576145260625</millis>
  <sequence>193</sequence>
  <level>PASSED</level>
  <class>com.kms.katalon.core.logging.XmlKeywordLogger</class>
  <method>logMessage</method>
  <thread>1</thread>
  <message>Delayed 2 second(s)</message>
  <nestedLevel>1</nestedLevel>
</record>
<record>
  <date>2019-12-12T04:07:40</date>
  <millis>1576145260625</millis>
  <sequence>194</sequence>
  <level>END</level>
  <class>com.kms.katalon.core.logging.XmlKeywordLogger</class>
  <method>endKeyword</method>
  <thread>1</thread>
  <message>End action : delay(2)</message>
  <nestedLevel>1</nestedLevel>
</record>
<record>
  <date>2019-12-12T04:07:40</date>
  <millis>1576145260626</millis>
  <sequence>195</sequence>
  <level>START</level>
  <class>com.kms.katalon.core.logging.XmlKeywordLogger</class>
  <method>startKeyword</method>
  <thread>1</thread>
  <message>Start action : click(findTestObject(\&amp;quot;object_reservation/dateCheckIn\&amp;quot;))</message>
  <nestedLevel>1</nestedLevel>
  <property name="startLine">174</property>
  <property name="stepIndex">27</property>
</record>
<record>
  <date>2019-12-12T04:07:41</date>
  <millis>1576145261406</millis>
  <sequence>204</sequence>
  <level>PASSED</level>
  <class>com.kms.katalon.core.logging.XmlKeywordLogger</class>
  <method>logMessage</method>
  <thread>1</thread>
  <message>Object: &amp;apos;Object Repository/object_reservation/dateCheckIn&amp;apos; is clicked on</message>
  <nestedLevel>1</nestedLevel>
</record>
<record>
  <date>2019-12-12T04:07:41</date>
  <millis>1576145261406</millis>
  <sequence>205</sequence>
  <level>END</level>
  <class>com.kms.katalon.core.logging.XmlKeywordLogger</class>
  <method>endKeyword</method>
  <thread>1</thread>
  <message>End action : click(findTestObject(\&amp;quot;object_reservation/dateCheckIn\&amp;quot;))</message>
  <nestedLevel>1</nestedLevel>
</record>
<record>
  <date>2019-12-12T04:07:41</date>
  <millis>1576145261406</millis>
  <sequence>206</sequence>
  <level>START</level>
  <class>com.kms.katalon.core.logging.XmlKeywordLogger</class>
  <method>startKeyword</method>
  <thread>1</thread>
  <message>Start action : switch (dateCI[0])</message>
  <nestedLevel>1</nestedLevel>
  <property name="startLine">177</property>
  <property name="stepIndex">28</property>
</record>
<record>
  <date>2019-12-12T04:07:41</date>
  <millis>1576145261409</millis>
  <sequence>207</sequence>
  <level>START</level>
  <class>com.kms.katalon.core.logging.XmlKeywordLogger</class>
  <method>startKeyword</method>
  <thread>1</thread>
  <message>Start action : case \&amp;quot;1\&amp;quot;:</message>
  <nestedLevel>2</nestedLevel>
  <property name="startLine">178</property>
  <property name="stepIndex">1</property>
</record>
<record>
  <date>2019-12-12T04:07:41</date>
  <millis>1576145261409</millis>
  <sequence>208</sequence>
  <level>START</level>
  <class>com.kms.katalon.core.logging.XmlKeywordLogger</class>
  <method>startKeyword</method>
  <thread>1</thread>
  <message>Start action : click(findTestObject(\&amp;quot;Page_Paradise 4 Paws  Dog Boarding Cat Boarding Norwalk Pooch Hotel/button_01_ci\&amp;quot;))</message>
  <nestedLevel>3</nestedLevel>
  <property name="startLine">179</property>
  <property name="stepIndex">1</property>
</record>
<record>
  <date>2019-12-12T04:07:42</date>
  <millis>1576145262205</millis>
  <sequence>217</sequence>
  <level>PASSED</level>
  <class>com.kms.katalon.core.logging.XmlKeywordLogger</class>
  <method>logMessage</method>
  <thread>1</thread>
  <message>Object: &amp;apos;Object Repository/Page_Paradise 4 Paws  Dog Boarding Cat Boarding Norwalk Pooch Hotel/button_01_ci&amp;apos; is clicked on</message>
  <nestedLevel>1</nestedLevel>
</record>
<record>
  <date>2019-12-12T04:07:42</date>
  <millis>1576145262206</millis>
  <sequence>218</sequence>
  <level>END</level>
  <class>com.kms.katalon.core.logging.XmlKeywordLogger</class>
  <method>endKeyword</method>
  <thread>1</thread>
  <message>End action : click(findTestObject(\&amp;quot;Page_Paradise 4 Paws  Dog Boarding Cat Boarding Norwalk Pooch Hotel/button_01_ci\&amp;quot;))</message>
  <nestedLevel>3</nestedLevel>
</record>
<record>
  <date>2019-12-12T04:07:42</date>
  <millis>1576145262206</millis>
  <sequence>219</sequence>
  <level>START</level>
  <class>com.kms.katalon.core.logging.XmlKeywordLogger</class>
  <method>startKeyword</method>
  <thread>1</thread>
  <message>Start action : break</message>
  <nestedLevel>3</nestedLevel>
  <property name="startLine">181</property>
  <property name="stepIndex">2</property>
</record>
<record>
  <date>2019-12-12T04:07:42</date>
  <millis>1576145262206</millis>
  <sequence>220</sequence>
  <level>END</level>
  <class>com.kms.katalon.core.logging.XmlKeywordLogger</class>
  <method>endKeyword</method>
  <thread>1</thread>
  <message>End action : break</message>
  <nestedLevel>3</nestedLevel>
</record>
<record>
  <date>2019-12-12T04:07:42</date>
  <millis>1576145262206</millis>
  <sequence>221</sequence>
  <level>END</level>
  <class>com.kms.katalon.core.logging.XmlKeywordLogger</class>
  <method>endKeyword</method>
  <thread>1</thread>
  <message>End action : case \&amp;quot;1\&amp;quot;:</message>
  <nestedLevel>2</nestedLevel>
</record>
<record>
  <date>2019-12-12T04:07:42</date>
  <millis>1576145262207</millis>
  <sequence>222</sequence>
  <level>END</level>
  <class>com.kms.katalon.core.logging.XmlKeywordLogger</class>
  <method>endKeyword</method>
  <thread>1</thread>
  <message>End action : switch (dateCI[0])</message>
  <nestedLevel>1</nestedLevel>
</record>
<record>
  <date>2019-12-12T04:07:42</date>
  <millis>1576145262207</millis>
  <sequence>223</sequence>
  <level>START</level>
  <class>com.kms.katalon.core.logging.XmlKeywordLogger</class>
  <method>startKeyword</method>
  <thread>1</thread>
  <message>Start action : log.logInfo(\&amp;quot;PRUEBA FLAG\&amp;quot;)</message>
  <nestedLevel>1</nestedLevel>
  <property name="startLine">305</property>
  <property name="stepIndex">29</property>
</record>
<record>
  <date>2019-12-12T04:07:42</date>
  <millis>1576145262207</millis>
  <sequence>224</sequence>
  <level>INFO</level>
  <class>com.kms.katalon.core.logging.XmlKeywordLogger</class>
  <method>logMessage</method>
  <thread>1</thread>
  <message>PRUEBA FLAG</message>
  <nestedLevel>1</nestedLevel>
</record>
<record>
  <date>2019-12-12T04:07:42</date>
  <millis>1576145262207</millis>
  <sequence>225</sequence>
  <level>END</level>
  <class>com.kms.katalon.core.logging.XmlKeywordLogger</class>
  <method>endKeyword</method>
  <thread>1</thread>
  <message>End action : log.logInfo(\&amp;quot;PRUEBA FLAG\&amp;quot;)</message>
  <nestedLevel>1</nestedLevel>
</record>
<record>
  <date>2019-12-12T04:07:42</date>
  <millis>1576145262208</millis>
  <sequence>226</sequence>
  <level>START</level>
  <class>com.kms.katalon.core.logging.XmlKeywordLogger</class>
  <method>startKeyword</method>
  <thread>1</thread>
  <message>Start action : log.logInfo(flagBoar)</message>
  <nestedLevel>1</nestedLevel>
  <property name="startLine">307</property>
  <property name="stepIndex">30</property>
</record>
<record>
  <date>2019-12-12T04:07:42</date>
  <millis>1576145262208</millis>
  <sequence>227</sequence>
  <level>INFO</level>
  <class>com.kms.katalon.core.logging.XmlKeywordLogger</class>
  <method>logMessage</method>
  <thread>1</thread>
  <message>2</message>
  <nestedLevel>1</nestedLevel>
</record>
<record>
  <date>2019-12-12T04:07:42</date>
  <millis>1576145262208</millis>
  <sequence>228</sequence>
  <level>END</level>
  <class>com.kms.katalon.core.logging.XmlKeywordLogger</class>
  <method>endKeyword</method>
  <thread>1</thread>
  <message>End action : log.logInfo(flagBoar)</message>
  <nestedLevel>1</nestedLevel>
</record>
<record>
  <date>2019-12-12T04:07:42</date>
  <millis>1576145262208</millis>
  <sequence>229</sequence>
  <level>START</level>
  <class>com.kms.katalon.core.logging.XmlKeywordLogger</class>
  <method>startKeyword</method>
  <thread>1</thread>
  <message>Start action : if (flagBoar == \&amp;quot;1\&amp;quot;)</message>
  <nestedLevel>1</nestedLevel>
  <property name="startLine">309</property>
  <property name="stepIndex">31</property>
</record>
<record>
  <date>2019-12-12T04:07:42</date>
  <millis>1576145262209</millis>
  <sequence>230</sequence>
  <level>END</level>
  <class>com.kms.katalon.core.logging.XmlKeywordLogger</class>
  <method>endKeyword</method>
  <thread>1</thread>
  <message>End action : if (flagBoar == \&amp;quot;1\&amp;quot;)</message>
  <nestedLevel>1</nestedLevel>
</record>
<record>
  <date>2019-12-12T04:07:42</date>
  <millis>1576145262209</millis>
  <sequence>231</sequence>
  <level>START</level>
  <class>com.kms.katalon.core.logging.XmlKeywordLogger</class>
  <method>startKeyword</method>
  <thread>1</thread>
  <message>Start action : click(findTestObject(\&amp;quot;object_reservationCalendar/CO_close\&amp;quot;))</message>
  <nestedLevel>1</nestedLevel>
  <property name="startLine">443</property>
  <property name="stepIndex">32</property>
</record>
<record>
  <date>2019-12-12T04:07:42</date>
  <millis>1576145262210</millis>
  <sequence>232</sequence>
  <level>NOT_RUN</level>
  <class>com.kms.katalon.core.logging.XmlKeywordLogger</class>
  <method>logMessage</method>
  <thread>1</thread>
  <message>NOT_RUN: click(findTestObject(\&amp;quot;object_reservationCalendar/CO_close\&amp;quot;))</message>
  <nestedLevel>1</nestedLevel>
</record>
<record>
  <date>2019-12-12T04:07:42</date>
  <millis>1576145262211</millis>
  <sequence>233</sequence>
  <level>END</level>
  <class>com.kms.katalon.core.logging.XmlKeywordLogger</class>
  <method>endKeyword</method>
  <thread>1</thread>
  <message>End action : click(findTestObject(\&amp;quot;object_reservationCalendar/CO_close\&amp;quot;))</message>
  <nestedLevel>1</nestedLevel>
</record>
<record>
  <date>2019-12-12T04:07:42</date>
  <millis>1576145262211</millis>
  <sequence>234</sequence>
  <level>START</level>
  <class>com.kms.katalon.core.logging.XmlKeywordLogger</class>
  <method>startKeyword</method>
  <thread>1</thread>
  <message>Start action : click(findTestObject(\&amp;quot;object_reservation/timeCheckin\&amp;quot;))</message>
  <nestedLevel>1</nestedLevel>
  <property name="startLine">447</property>
  <property name="stepIndex">33</property>
</record>
<record>
  <date>2019-12-12T04:07:42</date>
  <millis>1576145262827</millis>
  <sequence>243</sequence>
  <level>PASSED</level>
  <class>com.kms.katalon.core.logging.XmlKeywordLogger</class>
  <method>logMessage</method>
  <thread>1</thread>
  <message>Object: &amp;apos;Object Repository/object_reservation/timeCheckin&amp;apos; is clicked on</message>
  <nestedLevel>1</nestedLevel>
</record>
<record>
  <date>2019-12-12T04:07:42</date>
  <millis>1576145262828</millis>
  <sequence>244</sequence>
  <level>END</level>
  <class>com.kms.katalon.core.logging.XmlKeywordLogger</class>
  <method>endKeyword</method>
  <thread>1</thread>
  <message>End action : click(findTestObject(\&amp;quot;object_reservation/timeCheckin\&amp;quot;))</message>
  <nestedLevel>1</nestedLevel>
</record>
<record>
  <date>2019-12-12T04:07:42</date>
  <millis>1576145262828</millis>
  <sequence>245</sequence>
  <level>START</level>
  <class>com.kms.katalon.core.logging.XmlKeywordLogger</class>
  <method>startKeyword</method>
  <thread>1</thread>
  <message>Start action : log.logInfo(\&amp;quot;test timePicker\&amp;quot;)</message>
  <nestedLevel>1</nestedLevel>
  <property name="startLine">449</property>
  <property name="stepIndex">34</property>
</record>
<record>
  <date>2019-12-12T04:07:42</date>
  <millis>1576145262828</millis>
  <sequence>246</sequence>
  <level>INFO</level>
  <class>com.kms.katalon.core.logging.XmlKeywordLogger</class>
  <method>logMessage</method>
  <thread>1</thread>
  <message>test timePicker</message>
  <nestedLevel>1</nestedLevel>
</record>
<record>
  <date>2019-12-12T04:07:42</date>
  <millis>1576145262829</millis>
  <sequence>247</sequence>
  <level>END</level>
  <class>com.kms.katalon.core.logging.XmlKeywordLogger</class>
  <method>endKeyword</method>
  <thread>1</thread>
  <message>End action : log.logInfo(\&amp;quot;test timePicker\&amp;quot;)</message>
  <nestedLevel>1</nestedLevel>
</record>
<record>
  <date>2019-12-12T04:07:42</date>
  <millis>1576145262829</millis>
  <sequence>248</sequence>
  <level>START</level>
  <class>com.kms.katalon.core.logging.XmlKeywordLogger</class>
  <method>startKeyword</method>
  <thread>1</thread>
  <message>Start action : switch (var_checkinT)</message>
  <nestedLevel>1</nestedLevel>
  <property name="startLine">452</property>
  <property name="stepIndex">35</property>
</record>
<record>
  <date>2019-12-12T04:07:42</date>
  <millis>1576145262830</millis>
  <sequence>249</sequence>
  <level>START</level>
  <class>com.kms.katalon.core.logging.XmlKeywordLogger</class>
  <method>startKeyword</method>
  <thread>1</thread>
  <message>Start action : case \&amp;quot;800\&amp;quot;:</message>
  <nestedLevel>2</nestedLevel>
  <property name="startLine">483</property>
  <property name="stepIndex">16</property>
</record>
<record>
  <date>2019-12-12T04:07:42</date>
  <millis>1576145262830</millis>
  <sequence>250</sequence>
  <level>START</level>
  <class>com.kms.katalon.core.logging.XmlKeywordLogger</class>
  <method>startKeyword</method>
  <thread>1</thread>
  <message>Start action : click(findTestObject(\&amp;quot;Page_Paradise 4 Paws  Dog Boarding Cat Boarding Norwalk Pooch Hotel/time_800am_ci\&amp;quot;))</message>
  <nestedLevel>3</nestedLevel>
  <property name="startLine">485</property>
  <property name="stepIndex">1</property>
</record>
<record>
  <date>2019-12-12T04:07:43</date>
  <millis>1576145263458</millis>
  <sequence>259</sequence>
  <level>PASSED</level>
  <class>com.kms.katalon.core.logging.XmlKeywordLogger</class>
  <method>logMessage</method>
  <thread>1</thread>
  <message>Object: &amp;apos;Object Repository/Page_Paradise 4 Paws  Dog Boarding Cat Boarding Norwalk Pooch Hotel/time_800am_ci&amp;apos; is clicked on</message>
  <nestedLevel>1</nestedLevel>
</record>
<record>
  <date>2019-12-12T04:07:43</date>
  <millis>1576145263459</millis>
  <sequence>260</sequence>
  <level>END</level>
  <class>com.kms.katalon.core.logging.XmlKeywordLogger</class>
  <method>endKeyword</method>
  <thread>1</thread>
  <message>End action : click(findTestObject(\&amp;quot;Page_Paradise 4 Paws  Dog Boarding Cat Boarding Norwalk Pooch Hotel/time_800am_ci\&amp;quot;))</message>
  <nestedLevel>3</nestedLevel>
</record>
<record>
  <date>2019-12-12T04:07:43</date>
  <millis>1576145263459</millis>
  <sequence>261</sequence>
  <level>START</level>
  <class>com.kms.katalon.core.logging.XmlKeywordLogger</class>
  <method>startKeyword</method>
  <thread>1</thread>
  <message>Start action : break</message>
  <nestedLevel>3</nestedLevel>
  <property name="startLine">487</property>
  <property name="stepIndex">2</property>
</record>
<record>
  <date>2019-12-12T04:07:43</date>
  <millis>1576145263460</millis>
  <sequence>262</sequence>
  <level>END</level>
  <class>com.kms.katalon.core.logging.XmlKeywordLogger</class>
  <method>endKeyword</method>
  <thread>1</thread>
  <message>End action : break</message>
  <nestedLevel>3</nestedLevel>
</record>
<record>
  <date>2019-12-12T04:07:43</date>
  <millis>1576145263460</millis>
  <sequence>263</sequence>
  <level>END</level>
  <class>com.kms.katalon.core.logging.XmlKeywordLogger</class>
  <method>endKeyword</method>
  <thread>1</thread>
  <message>End action : case \&amp;quot;800\&amp;quot;:</message>
  <nestedLevel>2</nestedLevel>
</record>
<record>
  <date>2019-12-12T04:07:43</date>
  <millis>1576145263460</millis>
  <sequence>264</sequence>
  <level>END</level>
  <class>com.kms.katalon.core.logging.XmlKeywordLogger</class>
  <method>endKeyword</method>
  <thread>1</thread>
  <message>End action : switch (var_checkinT)</message>
  <nestedLevel>1</nestedLevel>
</record>
<record>
  <date>2019-12-12T04:07:43</date>
  <millis>1576145263460</millis>
  <sequence>265</sequence>
  <level>START</level>
  <class>com.kms.katalon.core.logging.XmlKeywordLogger</class>
  <method>startKeyword</method>
  <thread>1</thread>
  <message>Start action : click(findTestObject(\&amp;quot;object_reservation/timeCheckOut\&amp;quot;))</message>
  <nestedLevel>1</nestedLevel>
  <property name="startLine">549</property>
  <property name="stepIndex">36</property>
</record>
<record>
  <date>2019-12-12T04:07:44</date>
  <millis>1576145264172</millis>
  <sequence>274</sequence>
  <level>PASSED</level>
  <class>com.kms.katalon.core.logging.XmlKeywordLogger</class>
  <method>logMessage</method>
  <thread>1</thread>
  <message>Object: &amp;apos;Object Repository/object_reservation/timeCheckOut&amp;apos; is clicked on</message>
  <nestedLevel>1</nestedLevel>
</record>
<record>
  <date>2019-12-12T04:07:44</date>
  <millis>1576145264173</millis>
  <sequence>275</sequence>
  <level>END</level>
  <class>com.kms.katalon.core.logging.XmlKeywordLogger</class>
  <method>endKeyword</method>
  <thread>1</thread>
  <message>End action : click(findTestObject(\&amp;quot;object_reservation/timeCheckOut\&amp;quot;))</message>
  <nestedLevel>1</nestedLevel>
</record>
<record>
  <date>2019-12-12T04:07:44</date>
  <millis>1576145264173</millis>
  <sequence>276</sequence>
  <level>START</level>
  <class>com.kms.katalon.core.logging.XmlKeywordLogger</class>
  <method>startKeyword</method>
  <thread>1</thread>
  <message>Start action : switch (var_checkoutT)</message>
  <nestedLevel>1</nestedLevel>
  <property name="startLine">551</property>
  <property name="stepIndex">37</property>
</record>
<record>
  <date>2019-12-12T04:07:44</date>
  <millis>1576145264173</millis>
  <sequence>277</sequence>
  <level>END</level>
  <class>com.kms.katalon.core.logging.XmlKeywordLogger</class>
  <method>endKeyword</method>
  <thread>1</thread>
  <message>End action : switch (var_checkoutT)</message>
  <nestedLevel>1</nestedLevel>
</record>
<record>
  <date>2019-12-12T04:07:44</date>
  <millis>1576145264173</millis>
  <sequence>278</sequence>
  <level>START</level>
  <class>com.kms.katalon.core.logging.XmlKeywordLogger</class>
  <method>startKeyword</method>
  <thread>1</thread>
  <message>Start action : delay(2)</message>
  <nestedLevel>1</nestedLevel>
  <property name="startLine">564</property>
  <property name="stepIndex">38</property>
</record>
<record>
  <date>2019-12-12T04:07:46</date>
  <millis>1576145266175</millis>
  <sequence>280</sequence>
  <level>PASSED</level>
  <class>com.kms.katalon.core.logging.XmlKeywordLogger</class>
  <method>logMessage</method>
  <thread>1</thread>
  <message>Delayed 2 second(s)</message>
  <nestedLevel>1</nestedLevel>
</record>
<record>
  <date>2019-12-12T04:07:46</date>
  <millis>1576145266175</millis>
  <sequence>281</sequence>
  <level>END</level>
  <class>com.kms.katalon.core.logging.XmlKeywordLogger</class>
  <method>endKeyword</method>
  <thread>1</thread>
  <message>End action : delay(2)</message>
  <nestedLevel>1</nestedLevel>
</record>
<record>
  <date>2019-12-12T04:07:46</date>
  <millis>1576145266176</millis>
  <sequence>282</sequence>
  <level>START</level>
  <class>com.kms.katalon.core.logging.XmlKeywordLogger</class>
  <method>startKeyword</method>
  <thread>1</thread>
  <message>Start action : log.logInfo(\&amp;quot;-- ANTES REPEATING --\&amp;quot;)</message>
  <nestedLevel>1</nestedLevel>
  <property name="startLine">566</property>
  <property name="stepIndex">39</property>
</record>
<record>
  <date>2019-12-12T04:07:46</date>
  <millis>1576145266176</millis>
  <sequence>283</sequence>
  <level>INFO</level>
  <class>com.kms.katalon.core.logging.XmlKeywordLogger</class>
  <method>logMessage</method>
  <thread>1</thread>
  <message>-- ANTES REPEATING --</message>
  <nestedLevel>1</nestedLevel>
</record>
<record>
  <date>2019-12-12T04:07:46</date>
  <millis>1576145266177</millis>
  <sequence>284</sequence>
  <level>END</level>
  <class>com.kms.katalon.core.logging.XmlKeywordLogger</class>
  <method>endKeyword</method>
  <thread>1</thread>
  <message>End action : log.logInfo(\&amp;quot;-- ANTES REPEATING --\&amp;quot;)</message>
  <nestedLevel>1</nestedLevel>
</record>
<record>
  <date>2019-12-12T04:07:46</date>
  <millis>1576145266178</millis>
  <sequence>285</sequence>
  <level>START</level>
  <class>com.kms.katalon.core.logging.XmlKeywordLogger</class>
  <method>startKeyword</method>
  <thread>1</thread>
  <message>Start action : if (var_repeting == \&amp;quot;Y\&amp;quot;)</message>
  <nestedLevel>1</nestedLevel>
  <property name="startLine">568</property>
  <property name="stepIndex">40</property>
</record>
<record>
  <date>2019-12-12T04:07:46</date>
  <millis>1576145266179</millis>
  <sequence>286</sequence>
  <level>END</level>
  <class>com.kms.katalon.core.logging.XmlKeywordLogger</class>
  <method>endKeyword</method>
  <thread>1</thread>
  <message>End action : if (var_repeting == \&amp;quot;Y\&amp;quot;)</message>
  <nestedLevel>1</nestedLevel>
</record>
<record>
  <date>2019-12-12T04:07:46</date>
  <millis>1576145266179</millis>
  <sequence>287</sequence>
  <level>START</level>
  <class>com.kms.katalon.core.logging.XmlKeywordLogger</class>
  <method>startKeyword</method>
  <thread>1</thread>
  <message>Start action : log.logInfo(var_pets)</message>
  <nestedLevel>1</nestedLevel>
  <property name="startLine">591</property>
  <property name="stepIndex">41</property>
</record>
<record>
  <date>2019-12-12T04:07:46</date>
  <millis>1576145266180</millis>
  <sequence>288</sequence>
  <level>INFO</level>
  <class>com.kms.katalon.core.logging.XmlKeywordLogger</class>
  <method>logMessage</method>
  <thread>1</thread>
  <message>Ares</message>
  <nestedLevel>1</nestedLevel>
</record>
<record>
  <date>2019-12-12T04:07:46</date>
  <millis>1576145266181</millis>
  <sequence>289</sequence>
  <level>END</level>
  <class>com.kms.katalon.core.logging.XmlKeywordLogger</class>
  <method>endKeyword</method>
  <thread>1</thread>
  <message>End action : log.logInfo(var_pets)</message>
  <nestedLevel>1</nestedLevel>
</record>
<record>
  <date>2019-12-12T04:07:46</date>
  <millis>1576145266181</millis>
  <sequence>290</sequence>
  <level>START</level>
  <class>com.kms.katalon.core.logging.XmlKeywordLogger</class>
  <method>startKeyword</method>
  <thread>1</thread>
  <message>Start action : click(findTestObject(\&amp;quot;object_reservations/i_Day_fa fa-circle-o ng-scope\&amp;quot;))</message>
  <nestedLevel>1</nestedLevel>
  <property name="startLine">613</property>
  <property name="stepIndex">42</property>
</record>
<record>
  <date>2019-12-12T04:07:46</date>
  <millis>1576145266181</millis>
  <sequence>291</sequence>
  <level>NOT_RUN</level>
  <class>com.kms.katalon.core.logging.XmlKeywordLogger</class>
  <method>logMessage</method>
  <thread>1</thread>
  <message>NOT_RUN: click(findTestObject(\&amp;quot;object_reservations/i_Day_fa fa-circle-o ng-scope\&amp;quot;))</message>
  <nestedLevel>1</nestedLevel>
</record>
<record>
  <date>2019-12-12T04:07:46</date>
  <millis>1576145266181</millis>
  <sequence>292</sequence>
  <level>END</level>
  <class>com.kms.katalon.core.logging.XmlKeywordLogger</class>
  <method>endKeyword</method>
  <thread>1</thread>
  <message>End action : click(findTestObject(\&amp;quot;object_reservations/i_Day_fa fa-circle-o ng-scope\&amp;quot;))</message>
  <nestedLevel>1</nestedLevel>
</record>
<record>
  <date>2019-12-12T04:07:46</date>
  <millis>1576145266181</millis>
  <sequence>293</sequence>
  <level>START</level>
  <class>com.kms.katalon.core.logging.XmlKeywordLogger</class>
  <method>startKeyword</method>
  <thread>1</thread>
  <message>Start action : click(findTestObject(\&amp;quot;object_reservation/div_suite_rad\&amp;quot;))</message>
  <nestedLevel>1</nestedLevel>
  <property name="startLine">615</property>
  <property name="stepIndex">43</property>
</record>
<record>
  <date>2019-12-12T04:07:46</date>
  <millis>1576145266477</millis>
  <sequence>302</sequence>
  <level>ERROR</level>
  <class>com.kms.katalon.core.logging.XmlKeywordLogger</class>
  <method>logMessage</method>
  <thread>1</thread>
  <message>TypeError: rect is undefined\nBuild info: version: &amp;apos;3.141.59&amp;apos;, revision: &amp;apos;e82be7d358&amp;apos;, time: &amp;apos;2018-11-14T08:25:53&amp;apos;\nSystem info: host: &amp;apos;leonardoarkusmty-Inspiron-5577&amp;apos;, ip: &amp;apos;127.0.1.1&amp;apos;, os.name: &amp;apos;Linux&amp;apos;, os.arch: &amp;apos;amd64&amp;apos;, os.version: &amp;apos;4.15.0-72-generic&amp;apos;, java.version: &amp;apos;1.8.0_222&amp;apos;\nDriver info: com.kms.katalon.core.webui.driver.firefox.CGeckoDriver\nCapabilities {acceptInsecureCerts: true, browserName: firefox, browserVersion: 70.0.1, javascriptEnabled: true, moz:accessibilityChecks: false, moz:buildID: 20191031062442, moz:geckodriverVersion: 0.23.0, moz:headless: false, moz:processID: 21320, moz:profile: /tmp/rust_mozprofile.VlB7Rj..., moz:shutdownTimeout: 60000, moz:useNonSpecCompliantPointerOrigin: false, moz:webdriverClick: true, pageLoadStrategy: normal, platform: LINUX, platformName: LINUX, platformVersion: 4.15.0-72-generic, proxy: Proxy(direct), rotatable: false, setWindowRect: true, strictFileInteractability: false, timeouts: {implicit: 0, pageLoad: 300000, script: 30000}, unhandledPromptBehavior: dismiss and notify}\nSession ID: f76f2017-df09-4ba7-af2d-1aa863da6fce</message>
  <nestedLevel>1</nestedLevel>
</record>
</log>
