<?xml version="1.0" encoding="UTF-8" standalone="no"?>
<!DOCTYPE log SYSTEM "logger.dtd">
<log>
<record>
  <date>2019-12-12T17:46:08</date>
  <millis>1576194368042</millis>
  <sequence>0</sequence>
  <level>START</level>
  <class>com.kms.katalon.core.logging.XmlKeywordLogger</class>
  <method>startSuite</method>
  <thread>1</thread>
  <message>Start Test Suite : Test Suites/ts_newReservationBoarding</message>
  <nestedLevel>0</nestedLevel>
  <property name="name">ts_newReservationBoarding</property>
  <property name="description"></property>
  <property name="id">Test Suites/ts_newReservationBoarding</property>
</record>
<record>
  <date>2019-12-12T17:46:08</date>
  <millis>1576194368058</millis>
  <sequence>1</sequence>
  <level>RUN_DATA</level>
  <class>com.kms.katalon.core.logging.XmlKeywordLogger</class>
  <method>logMessage</method>
  <thread>1</thread>
  <message>hostName = leonardo-arkusmty - leonardoarkusmty-Inspiron-5577</message>
  <nestedLevel>0</nestedLevel>
  <property name="hostName">leonardo-arkusmty - leonardoarkusmty-Inspiron-5577</property>
</record>
<record>
  <date>2019-12-12T17:46:08</date>
  <millis>1576194368059</millis>
  <sequence>2</sequence>
  <level>RUN_DATA</level>
  <class>com.kms.katalon.core.logging.XmlKeywordLogger</class>
  <method>logMessage</method>
  <thread>1</thread>
  <message>os = Linux 64bit</message>
  <nestedLevel>0</nestedLevel>
  <property name="os">Linux 64bit</property>
</record>
<record>
  <date>2019-12-12T17:46:08</date>
  <millis>1576194368059</millis>
  <sequence>3</sequence>
  <level>RUN_DATA</level>
  <class>com.kms.katalon.core.logging.XmlKeywordLogger</class>
  <method>logMessage</method>
  <thread>1</thread>
  <message>hostAddress = 127.0.1.1</message>
  <nestedLevel>0</nestedLevel>
  <property name="hostAddress">127.0.1.1</property>
</record>
<record>
  <date>2019-12-12T17:46:08</date>
  <millis>1576194368060</millis>
  <sequence>4</sequence>
  <level>RUN_DATA</level>
  <class>com.kms.katalon.core.logging.XmlKeywordLogger</class>
  <method>logMessage</method>
  <thread>1</thread>
  <message>katalonVersion = 7.0.8.1</message>
  <nestedLevel>0</nestedLevel>
  <property name="katalonVersion">7.0.8.1</property>
</record>
<record>
  <date>2019-12-12T17:46:08</date>
  <millis>1576194368317</millis>
  <sequence>5</sequence>
  <level>START</level>
  <class>com.kms.katalon.core.logging.XmlKeywordLogger</class>
  <method>startTest</method>
  <thread>1</thread>
  <message>Start Test Case : Test Cases/p4p_newReservation</message>
  <nestedLevel>1</nestedLevel>
  <property name="name">Test Cases/p4p_newReservation</property>
  <property name="description"></property>
  <property name="id">Test Cases/p4p_newReservation</property>
  <property name="source">\\home\\leonardo-arkusmty\\Documents\\workspaceKatalon\\p4ptest\\Test Cases\\p4p_newReservation.tc</property>
  <property name="tag"></property>
  <property name="isOptional">false</property>
</record>
<record>
  <date>2019-12-12T17:46:08</date>
  <millis>1576194368363</millis>
  <sequence>7</sequence>
  <level>INFO</level>
  <class>com.kms.katalon.core.logging.XmlKeywordLogger</class>
  <method>logMessage</method>
  <thread>1</thread>
  <message>var_user = jegchavez@gmail.com</message>
  <nestedLevel>1</nestedLevel>
</record>
<record>
  <date>2019-12-12T17:46:08</date>
  <millis>1576194368364</millis>
  <sequence>8</sequence>
  <level>INFO</level>
  <class>com.kms.katalon.core.logging.XmlKeywordLogger</class>
  <method>logMessage</method>
  <thread>1</thread>
  <message>var_pass = admin1</message>
  <nestedLevel>1</nestedLevel>
</record>
<record>
  <date>2019-12-12T17:46:08</date>
  <millis>1576194368364</millis>
  <sequence>9</sequence>
  <level>INFO</level>
  <class>com.kms.katalon.core.logging.XmlKeywordLogger</class>
  <method>logMessage</method>
  <thread>1</thread>
  <message>var_searchParent = leongarzagarza@hotmail.com</message>
  <nestedLevel>1</nestedLevel>
</record>
<record>
  <date>2019-12-12T17:46:08</date>
  <millis>1576194368364</millis>
  <sequence>10</sequence>
  <level>INFO</level>
  <class>com.kms.katalon.core.logging.XmlKeywordLogger</class>
  <method>logMessage</method>
  <thread>1</thread>
  <message>var_typeReserveation = Boarding</message>
  <nestedLevel>1</nestedLevel>
</record>
<record>
  <date>2019-12-12T17:46:08</date>
  <millis>1576194368365</millis>
  <sequence>11</sequence>
  <level>INFO</level>
  <class>com.kms.katalon.core.logging.XmlKeywordLogger</class>
  <method>logMessage</method>
  <thread>1</thread>
  <message>var_idFacility = 3</message>
  <nestedLevel>1</nestedLevel>
</record>
<record>
  <date>2019-12-12T17:46:08</date>
  <millis>1576194368365</millis>
  <sequence>12</sequence>
  <level>INFO</level>
  <class>com.kms.katalon.core.logging.XmlKeywordLogger</class>
  <method>logMessage</method>
  <thread>1</thread>
  <message>var_checkinD = 1,12,2019</message>
  <nestedLevel>1</nestedLevel>
</record>
<record>
  <date>2019-12-12T17:46:08</date>
  <millis>1576194368365</millis>
  <sequence>13</sequence>
  <level>INFO</level>
  <class>com.kms.katalon.core.logging.XmlKeywordLogger</class>
  <method>logMessage</method>
  <thread>1</thread>
  <message>var_checkoutD = 2,12,2019</message>
  <nestedLevel>1</nestedLevel>
</record>
<record>
  <date>2019-12-12T17:46:08</date>
  <millis>1576194368365</millis>
  <sequence>14</sequence>
  <level>INFO</level>
  <class>com.kms.katalon.core.logging.XmlKeywordLogger</class>
  <method>logMessage</method>
  <thread>1</thread>
  <message>var_checkinT = 800</message>
  <nestedLevel>1</nestedLevel>
</record>
<record>
  <date>2019-12-12T17:46:08</date>
  <millis>1576194368365</millis>
  <sequence>15</sequence>
  <level>INFO</level>
  <class>com.kms.katalon.core.logging.XmlKeywordLogger</class>
  <method>logMessage</method>
  <thread>1</thread>
  <message>var_checkoutT = 1200</message>
  <nestedLevel>1</nestedLevel>
</record>
<record>
  <date>2019-12-12T17:46:08</date>
  <millis>1576194368366</millis>
  <sequence>16</sequence>
  <level>INFO</level>
  <class>com.kms.katalon.core.logging.XmlKeywordLogger</class>
  <method>logMessage</method>
  <thread>1</thread>
  <message>var_repeting = NA</message>
  <nestedLevel>1</nestedLevel>
</record>
<record>
  <date>2019-12-12T17:46:08</date>
  <millis>1576194368366</millis>
  <sequence>17</sequence>
  <level>INFO</level>
  <class>com.kms.katalon.core.logging.XmlKeywordLogger</class>
  <method>logMessage</method>
  <thread>1</thread>
  <message>var_repeatingEvery = NA</message>
  <nestedLevel>1</nestedLevel>
</record>
<record>
  <date>2019-12-12T17:46:08</date>
  <millis>1576194368366</millis>
  <sequence>18</sequence>
  <level>INFO</level>
  <class>com.kms.katalon.core.logging.XmlKeywordLogger</class>
  <method>logMessage</method>
  <thread>1</thread>
  <message>var_pets = Ares</message>
  <nestedLevel>1</nestedLevel>
</record>
<record>
  <date>2019-12-12T17:46:08</date>
  <millis>1576194368366</millis>
  <sequence>19</sequence>
  <level>INFO</level>
  <class>com.kms.katalon.core.logging.XmlKeywordLogger</class>
  <method>logMessage</method>
  <thread>1</thread>
  <message>var_suite = Deluxe Suite</message>
  <nestedLevel>1</nestedLevel>
</record>
<record>
  <date>2019-12-12T17:46:08</date>
  <millis>1576194368815</millis>
  <sequence>20</sequence>
  <level>START</level>
  <class>com.kms.katalon.core.logging.XmlKeywordLogger</class>
  <method>startKeyword</method>
  <thread>1</thread>
  <message>Start action : openBrowser(\&amp;quot;https://p4p-qa-bg.aws.paradise4paws.com/login/\&amp;quot;)</message>
  <nestedLevel>1</nestedLevel>
  <property name="startLine">30</property>
  <property name="stepIndex">1</property>
</record>
<record>
  <date>2019-12-12T17:46:08</date>
  <millis>1576194368985</millis>
  <sequence>22</sequence>
  <level>INFO</level>
  <class>com.kms.katalon.core.logging.XmlKeywordLogger</class>
  <method>logMessage</method>
  <thread>1</thread>
  <message>Starting &amp;apos;Firefox&amp;apos; driver</message>
  <nestedLevel>1</nestedLevel>
</record>
<record>
  <date>2019-12-12T17:46:09</date>
  <millis>1576194369046</millis>
  <sequence>24</sequence>
  <level>INFO</level>
  <class>com.kms.katalon.core.logging.XmlKeywordLogger</class>
  <method>logMessage</method>
  <thread>1</thread>
  <message>Action delay is set to 0 seconds</message>
  <nestedLevel>1</nestedLevel>
</record>
<record>
  <date>2019-12-12T17:46:11</date>
  <millis>1576194371428</millis>
  <sequence>26</sequence>
  <level>RUN_DATA</level>
  <class>com.kms.katalon.core.logging.XmlKeywordLogger</class>
  <method>logMessage</method>
  <thread>1</thread>
  <message>sessionId = b709a7d3-a5fa-4f75-9d26-f36f477df743</message>
  <nestedLevel>1</nestedLevel>
  <property name="sessionId">b709a7d3-a5fa-4f75-9d26-f36f477df743</property>
</record>
<record>
  <date>2019-12-12T17:46:11</date>
  <millis>1576194371441</millis>
  <sequence>27</sequence>
  <level>RUN_DATA</level>
  <class>com.kms.katalon.core.logging.XmlKeywordLogger</class>
  <method>logMessage</method>
  <thread>1</thread>
  <message>browser = Firefox 70.0</message>
  <nestedLevel>1</nestedLevel>
  <property name="browser">Firefox 70.0</property>
</record>
<record>
  <date>2019-12-12T17:46:11</date>
  <millis>1576194371441</millis>
  <sequence>28</sequence>
  <level>RUN_DATA</level>
  <class>com.kms.katalon.core.logging.XmlKeywordLogger</class>
  <method>logMessage</method>
  <thread>1</thread>
  <message>platform = Linux</message>
  <nestedLevel>1</nestedLevel>
  <property name="platform">Linux</property>
</record>
<record>
  <date>2019-12-12T17:46:11</date>
  <millis>1576194371442</millis>
  <sequence>29</sequence>
  <level>RUN_DATA</level>
  <class>com.kms.katalon.core.logging.XmlKeywordLogger</class>
  <method>logMessage</method>
  <thread>1</thread>
  <message>seleniumVersion = 3.141.59</message>
  <nestedLevel>1</nestedLevel>
  <property name="seleniumVersion">3.141.59</property>
</record>
<record>
  <date>2019-12-12T17:46:11</date>
  <millis>1576194371443</millis>
  <sequence>30</sequence>
  <level>RUN_DATA</level>
  <class>com.kms.katalon.core.logging.XmlKeywordLogger</class>
  <method>logMessage</method>
  <thread>1</thread>
  <message>proxyInformation = ProxyInformation{proxyOption=NO_PROXY, proxyServerType=HTTP, password=, proxyServerAddress=, proxyServerPort=0}</message>
  <nestedLevel>1</nestedLevel>
  <property name="proxyInformation">ProxyInformation{proxyOption=NO_PROXY, proxyServerType=HTTP, password=, proxyServerAddress=, proxyServerPort=0}</property>
</record>
<record>
  <date>2019-12-12T17:46:13</date>
  <millis>1576194373045</millis>
  <sequence>32</sequence>
  <level>PASSED</level>
  <class>com.kms.katalon.core.logging.XmlKeywordLogger</class>
  <method>logMessage</method>
  <thread>1</thread>
  <message>Browser is opened with url: &amp;apos;https://p4p-qa-bg.aws.paradise4paws.com/login/&amp;apos;</message>
  <nestedLevel>1</nestedLevel>
</record>
<record>
  <date>2019-12-12T17:46:13</date>
  <millis>1576194373046</millis>
  <sequence>33</sequence>
  <level>END</level>
  <class>com.kms.katalon.core.logging.XmlKeywordLogger</class>
  <method>endKeyword</method>
  <thread>1</thread>
  <message>End action : openBrowser(\&amp;quot;https://p4p-qa-bg.aws.paradise4paws.com/login/\&amp;quot;)</message>
  <nestedLevel>1</nestedLevel>
</record>
<record>
  <date>2019-12-12T17:46:13</date>
  <millis>1576194373046</millis>
  <sequence>34</sequence>
  <level>START</level>
  <class>com.kms.katalon.core.logging.XmlKeywordLogger</class>
  <method>startKeyword</method>
  <thread>1</thread>
  <message>Start action : setText(findTestObject(\&amp;quot;Object Repository/object_login/input_user\&amp;quot;), var_user)</message>
  <nestedLevel>1</nestedLevel>
  <property name="startLine">32</property>
  <property name="stepIndex">2</property>
</record>
<record>
  <date>2019-12-12T17:46:13</date>
  <millis>1576194373708</millis>
  <sequence>44</sequence>
  <level>PASSED</level>
  <class>com.kms.katalon.core.logging.XmlKeywordLogger</class>
  <method>logMessage</method>
  <thread>1</thread>
  <message>Text &amp;apos;jegchavez@gmail.com&amp;apos; is set on object &amp;apos;Object Repository/object_login/input_user&amp;apos;</message>
  <nestedLevel>1</nestedLevel>
</record>
<record>
  <date>2019-12-12T17:46:13</date>
  <millis>1576194373709</millis>
  <sequence>45</sequence>
  <level>END</level>
  <class>com.kms.katalon.core.logging.XmlKeywordLogger</class>
  <method>endKeyword</method>
  <thread>1</thread>
  <message>End action : setText(findTestObject(\&amp;quot;Object Repository/object_login/input_user\&amp;quot;), var_user)</message>
  <nestedLevel>1</nestedLevel>
</record>
<record>
  <date>2019-12-12T17:46:13</date>
  <millis>1576194373709</millis>
  <sequence>46</sequence>
  <level>START</level>
  <class>com.kms.katalon.core.logging.XmlKeywordLogger</class>
  <method>startKeyword</method>
  <thread>1</thread>
  <message>Start action : setText(findTestObject(\&amp;quot;Object Repository/object_login/input_pass\&amp;quot;), var_pass)</message>
  <nestedLevel>1</nestedLevel>
  <property name="startLine">34</property>
  <property name="stepIndex">3</property>
</record>
<record>
  <date>2019-12-12T17:46:14</date>
  <millis>1576194374186</millis>
  <sequence>56</sequence>
  <level>PASSED</level>
  <class>com.kms.katalon.core.logging.XmlKeywordLogger</class>
  <method>logMessage</method>
  <thread>1</thread>
  <message>Text &amp;apos;admin1&amp;apos; is set on object &amp;apos;Object Repository/object_login/input_pass&amp;apos;</message>
  <nestedLevel>1</nestedLevel>
</record>
<record>
  <date>2019-12-12T17:46:14</date>
  <millis>1576194374187</millis>
  <sequence>57</sequence>
  <level>END</level>
  <class>com.kms.katalon.core.logging.XmlKeywordLogger</class>
  <method>endKeyword</method>
  <thread>1</thread>
  <message>End action : setText(findTestObject(\&amp;quot;Object Repository/object_login/input_pass\&amp;quot;), var_pass)</message>
  <nestedLevel>1</nestedLevel>
</record>
<record>
  <date>2019-12-12T17:46:14</date>
  <millis>1576194374187</millis>
  <sequence>58</sequence>
  <level>START</level>
  <class>com.kms.katalon.core.logging.XmlKeywordLogger</class>
  <method>startKeyword</method>
  <thread>1</thread>
  <message>Start action : delay(2)</message>
  <nestedLevel>1</nestedLevel>
  <property name="startLine">36</property>
  <property name="stepIndex">4</property>
</record>
<record>
  <date>2019-12-12T17:46:16</date>
  <millis>1576194376211</millis>
  <sequence>60</sequence>
  <level>PASSED</level>
  <class>com.kms.katalon.core.logging.XmlKeywordLogger</class>
  <method>logMessage</method>
  <thread>1</thread>
  <message>Delayed 2 second(s)</message>
  <nestedLevel>1</nestedLevel>
</record>
<record>
  <date>2019-12-12T17:46:16</date>
  <millis>1576194376212</millis>
  <sequence>61</sequence>
  <level>END</level>
  <class>com.kms.katalon.core.logging.XmlKeywordLogger</class>
  <method>endKeyword</method>
  <thread>1</thread>
  <message>End action : delay(2)</message>
  <nestedLevel>1</nestedLevel>
</record>
<record>
  <date>2019-12-12T17:46:16</date>
  <millis>1576194376212</millis>
  <sequence>62</sequence>
  <level>START</level>
  <class>com.kms.katalon.core.logging.XmlKeywordLogger</class>
  <method>startKeyword</method>
  <thread>1</thread>
  <message>Start action : verifyElementClickable(findTestObject(\&amp;quot;Object Repository/object_login/btn_login\&amp;quot;))</message>
  <nestedLevel>1</nestedLevel>
  <property name="startLine">38</property>
  <property name="stepIndex">5</property>
</record>
<record>
  <date>2019-12-12T17:46:16</date>
  <millis>1576194376478</millis>
  <sequence>69</sequence>
  <level>PASSED</level>
  <class>com.kms.katalon.core.logging.XmlKeywordLogger</class>
  <method>logMessage</method>
  <thread>1</thread>
  <message>Object &amp;apos;Object Repository/object_login/btn_login&amp;apos; is clickable</message>
  <nestedLevel>1</nestedLevel>
</record>
<record>
  <date>2019-12-12T17:46:16</date>
  <millis>1576194376479</millis>
  <sequence>70</sequence>
  <level>END</level>
  <class>com.kms.katalon.core.logging.XmlKeywordLogger</class>
  <method>endKeyword</method>
  <thread>1</thread>
  <message>End action : verifyElementClickable(findTestObject(\&amp;quot;Object Repository/object_login/btn_login\&amp;quot;))</message>
  <nestedLevel>1</nestedLevel>
</record>
<record>
  <date>2019-12-12T17:46:16</date>
  <millis>1576194376479</millis>
  <sequence>71</sequence>
  <level>START</level>
  <class>com.kms.katalon.core.logging.XmlKeywordLogger</class>
  <method>startKeyword</method>
  <thread>1</thread>
  <message>Start action : click(findTestObject(\&amp;quot;Object Repository/object_login/btn_login\&amp;quot;))</message>
  <nestedLevel>1</nestedLevel>
  <property name="startLine">40</property>
  <property name="stepIndex">6</property>
</record>
<record>
  <date>2019-12-12T17:46:28</date>
  <millis>1576194388077</millis>
  <sequence>80</sequence>
  <level>PASSED</level>
  <class>com.kms.katalon.core.logging.XmlKeywordLogger</class>
  <method>logMessage</method>
  <thread>1</thread>
  <message>Object: &amp;apos;Object Repository/object_login/btn_login&amp;apos; is clicked on</message>
  <nestedLevel>1</nestedLevel>
</record>
<record>
  <date>2019-12-12T17:46:28</date>
  <millis>1576194388077</millis>
  <sequence>81</sequence>
  <level>END</level>
  <class>com.kms.katalon.core.logging.XmlKeywordLogger</class>
  <method>endKeyword</method>
  <thread>1</thread>
  <message>End action : click(findTestObject(\&amp;quot;Object Repository/object_login/btn_login\&amp;quot;))</message>
  <nestedLevel>1</nestedLevel>
</record>
<record>
  <date>2019-12-12T17:46:28</date>
  <millis>1576194388077</millis>
  <sequence>82</sequence>
  <level>START</level>
  <class>com.kms.katalon.core.logging.XmlKeywordLogger</class>
  <method>startKeyword</method>
  <thread>1</thread>
  <message>Start action : delay(2)</message>
  <nestedLevel>1</nestedLevel>
  <property name="startLine">42</property>
  <property name="stepIndex">7</property>
</record>
<record>
  <date>2019-12-12T17:46:30</date>
  <millis>1576194390079</millis>
  <sequence>84</sequence>
  <level>PASSED</level>
  <class>com.kms.katalon.core.logging.XmlKeywordLogger</class>
  <method>logMessage</method>
  <thread>1</thread>
  <message>Delayed 2 second(s)</message>
  <nestedLevel>1</nestedLevel>
</record>
<record>
  <date>2019-12-12T17:46:30</date>
  <millis>1576194390080</millis>
  <sequence>85</sequence>
  <level>END</level>
  <class>com.kms.katalon.core.logging.XmlKeywordLogger</class>
  <method>endKeyword</method>
  <thread>1</thread>
  <message>End action : delay(2)</message>
  <nestedLevel>1</nestedLevel>
</record>
<record>
  <date>2019-12-12T17:46:30</date>
  <millis>1576194390080</millis>
  <sequence>86</sequence>
  <level>START</level>
  <class>com.kms.katalon.core.logging.XmlKeywordLogger</class>
  <method>startKeyword</method>
  <thread>1</thread>
  <message>Start action : setText(findTestObject(\&amp;quot;Object Repository/object_dashboard_emp/input_search\&amp;quot;), var_searchParent)</message>
  <nestedLevel>1</nestedLevel>
  <property name="startLine">44</property>
  <property name="stepIndex">8</property>
</record>
<record>
  <date>2019-12-12T17:46:30</date>
  <millis>1576194390428</millis>
  <sequence>96</sequence>
  <level>PASSED</level>
  <class>com.kms.katalon.core.logging.XmlKeywordLogger</class>
  <method>logMessage</method>
  <thread>1</thread>
  <message>Text &amp;apos;leongarzagarza@hotmail.com&amp;apos; is set on object &amp;apos;Object Repository/object_dashboard_emp/input_search&amp;apos;</message>
  <nestedLevel>1</nestedLevel>
</record>
<record>
  <date>2019-12-12T17:46:30</date>
  <millis>1576194390429</millis>
  <sequence>97</sequence>
  <level>END</level>
  <class>com.kms.katalon.core.logging.XmlKeywordLogger</class>
  <method>endKeyword</method>
  <thread>1</thread>
  <message>End action : setText(findTestObject(\&amp;quot;Object Repository/object_dashboard_emp/input_search\&amp;quot;), var_searchParent)</message>
  <nestedLevel>1</nestedLevel>
</record>
<record>
  <date>2019-12-12T17:46:30</date>
  <millis>1576194390430</millis>
  <sequence>98</sequence>
  <level>START</level>
  <class>com.kms.katalon.core.logging.XmlKeywordLogger</class>
  <method>startKeyword</method>
  <thread>1</thread>
  <message>Start action : click(findTestObject(\&amp;quot;Object Repository/object_dashboard_emp/btn_accountSearch\&amp;quot;))</message>
  <nestedLevel>1</nestedLevel>
  <property name="startLine">46</property>
  <property name="stepIndex">9</property>
</record>
<record>
  <date>2019-12-12T17:46:31</date>
  <millis>1576194391501</millis>
  <sequence>107</sequence>
  <level>PASSED</level>
  <class>com.kms.katalon.core.logging.XmlKeywordLogger</class>
  <method>logMessage</method>
  <thread>1</thread>
  <message>Object: &amp;apos;Object Repository/object_dashboard_emp/btn_accountSearch&amp;apos; is clicked on</message>
  <nestedLevel>1</nestedLevel>
</record>
<record>
  <date>2019-12-12T17:46:31</date>
  <millis>1576194391501</millis>
  <sequence>108</sequence>
  <level>END</level>
  <class>com.kms.katalon.core.logging.XmlKeywordLogger</class>
  <method>endKeyword</method>
  <thread>1</thread>
  <message>End action : click(findTestObject(\&amp;quot;Object Repository/object_dashboard_emp/btn_accountSearch\&amp;quot;))</message>
  <nestedLevel>1</nestedLevel>
</record>
<record>
  <date>2019-12-12T17:46:31</date>
  <millis>1576194391501</millis>
  <sequence>109</sequence>
  <level>START</level>
  <class>com.kms.katalon.core.logging.XmlKeywordLogger</class>
  <method>startKeyword</method>
  <thread>1</thread>
  <message>Start action : delay(2)</message>
  <nestedLevel>1</nestedLevel>
  <property name="startLine">48</property>
  <property name="stepIndex">10</property>
</record>
<record>
  <date>2019-12-12T17:46:33</date>
  <millis>1576194393503</millis>
  <sequence>111</sequence>
  <level>PASSED</level>
  <class>com.kms.katalon.core.logging.XmlKeywordLogger</class>
  <method>logMessage</method>
  <thread>1</thread>
  <message>Delayed 2 second(s)</message>
  <nestedLevel>1</nestedLevel>
</record>
<record>
  <date>2019-12-12T17:46:33</date>
  <millis>1576194393503</millis>
  <sequence>112</sequence>
  <level>END</level>
  <class>com.kms.katalon.core.logging.XmlKeywordLogger</class>
  <method>endKeyword</method>
  <thread>1</thread>
  <message>End action : delay(2)</message>
  <nestedLevel>1</nestedLevel>
</record>
<record>
  <date>2019-12-12T17:46:33</date>
  <millis>1576194393503</millis>
  <sequence>113</sequence>
  <level>START</level>
  <class>com.kms.katalon.core.logging.XmlKeywordLogger</class>
  <method>startKeyword</method>
  <thread>1</thread>
  <message>Start action : click(findTestObject(\&amp;quot;Object Repository/object_accountInformation/a_TEST GABRIEL PROD\&amp;quot;))</message>
  <nestedLevel>1</nestedLevel>
  <property name="startLine">50</property>
  <property name="stepIndex">11</property>
</record>
<record>
  <date>2019-12-12T17:46:37</date>
  <millis>1576194397751</millis>
  <sequence>122</sequence>
  <level>PASSED</level>
  <class>com.kms.katalon.core.logging.XmlKeywordLogger</class>
  <method>logMessage</method>
  <thread>1</thread>
  <message>Object: &amp;apos;Object Repository/object_accountInformation/a_TEST GABRIEL PROD&amp;apos; is clicked on</message>
  <nestedLevel>1</nestedLevel>
</record>
<record>
  <date>2019-12-12T17:46:37</date>
  <millis>1576194397752</millis>
  <sequence>123</sequence>
  <level>END</level>
  <class>com.kms.katalon.core.logging.XmlKeywordLogger</class>
  <method>endKeyword</method>
  <thread>1</thread>
  <message>End action : click(findTestObject(\&amp;quot;Object Repository/object_accountInformation/a_TEST GABRIEL PROD\&amp;quot;))</message>
  <nestedLevel>1</nestedLevel>
</record>
<record>
  <date>2019-12-12T17:46:37</date>
  <millis>1576194397752</millis>
  <sequence>124</sequence>
  <level>START</level>
  <class>com.kms.katalon.core.logging.XmlKeywordLogger</class>
  <method>startKeyword</method>
  <thread>1</thread>
  <message>Start action : delay(2)</message>
  <nestedLevel>1</nestedLevel>
  <property name="startLine">52</property>
  <property name="stepIndex">12</property>
</record>
<record>
  <date>2019-12-12T17:46:39</date>
  <millis>1576194399753</millis>
  <sequence>126</sequence>
  <level>PASSED</level>
  <class>com.kms.katalon.core.logging.XmlKeywordLogger</class>
  <method>logMessage</method>
  <thread>1</thread>
  <message>Delayed 2 second(s)</message>
  <nestedLevel>1</nestedLevel>
</record>
<record>
  <date>2019-12-12T17:46:39</date>
  <millis>1576194399754</millis>
  <sequence>127</sequence>
  <level>END</level>
  <class>com.kms.katalon.core.logging.XmlKeywordLogger</class>
  <method>endKeyword</method>
  <thread>1</thread>
  <message>End action : delay(2)</message>
  <nestedLevel>1</nestedLevel>
</record>
<record>
  <date>2019-12-12T17:46:39</date>
  <millis>1576194399755</millis>
  <sequence>128</sequence>
  <level>START</level>
  <class>com.kms.katalon.core.logging.XmlKeywordLogger</class>
  <method>startKeyword</method>
  <thread>1</thread>
  <message>Start action : click(findTestObject(\&amp;quot;Object Repository/object_profile/a_addReservation\&amp;quot;))</message>
  <nestedLevel>1</nestedLevel>
  <property name="startLine">54</property>
  <property name="stepIndex">13</property>
</record>
<record>
  <date>2019-12-12T17:46:41</date>
  <millis>1576194401178</millis>
  <sequence>137</sequence>
  <level>PASSED</level>
  <class>com.kms.katalon.core.logging.XmlKeywordLogger</class>
  <method>logMessage</method>
  <thread>1</thread>
  <message>Object: &amp;apos;Object Repository/object_profile/a_addReservation&amp;apos; is clicked on</message>
  <nestedLevel>1</nestedLevel>
</record>
<record>
  <date>2019-12-12T17:46:41</date>
  <millis>1576194401179</millis>
  <sequence>138</sequence>
  <level>END</level>
  <class>com.kms.katalon.core.logging.XmlKeywordLogger</class>
  <method>endKeyword</method>
  <thread>1</thread>
  <message>End action : click(findTestObject(\&amp;quot;Object Repository/object_profile/a_addReservation\&amp;quot;))</message>
  <nestedLevel>1</nestedLevel>
</record>
<record>
  <date>2019-12-12T17:46:41</date>
  <millis>1576194401179</millis>
  <sequence>139</sequence>
  <level>START</level>
  <class>com.kms.katalon.core.logging.XmlKeywordLogger</class>
  <method>startKeyword</method>
  <thread>1</thread>
  <message>Start action : delay(2)</message>
  <nestedLevel>1</nestedLevel>
  <property name="startLine">56</property>
  <property name="stepIndex">14</property>
</record>
<record>
  <date>2019-12-12T17:46:43</date>
  <millis>1576194403181</millis>
  <sequence>141</sequence>
  <level>PASSED</level>
  <class>com.kms.katalon.core.logging.XmlKeywordLogger</class>
  <method>logMessage</method>
  <thread>1</thread>
  <message>Delayed 2 second(s)</message>
  <nestedLevel>1</nestedLevel>
</record>
<record>
  <date>2019-12-12T17:46:43</date>
  <millis>1576194403182</millis>
  <sequence>142</sequence>
  <level>END</level>
  <class>com.kms.katalon.core.logging.XmlKeywordLogger</class>
  <method>endKeyword</method>
  <thread>1</thread>
  <message>End action : delay(2)</message>
  <nestedLevel>1</nestedLevel>
</record>
<record>
  <date>2019-12-12T17:46:43</date>
  <millis>1576194403182</millis>
  <sequence>143</sequence>
  <level>START</level>
  <class>com.kms.katalon.core.logging.XmlKeywordLogger</class>
  <method>startKeyword</method>
  <thread>1</thread>
  <message>Start action : flagBoar = \&amp;quot;0\&amp;quot;</message>
  <nestedLevel>1</nestedLevel>
  <property name="startLine">58</property>
  <property name="stepIndex">15</property>
</record>
<record>
  <date>2019-12-12T17:46:43</date>
  <millis>1576194403183</millis>
  <sequence>144</sequence>
  <level>END</level>
  <class>com.kms.katalon.core.logging.XmlKeywordLogger</class>
  <method>endKeyword</method>
  <thread>1</thread>
  <message>End action : flagBoar = \&amp;quot;0\&amp;quot;</message>
  <nestedLevel>1</nestedLevel>
</record>
<record>
  <date>2019-12-12T17:46:43</date>
  <millis>1576194403183</millis>
  <sequence>145</sequence>
  <level>START</level>
  <class>com.kms.katalon.core.logging.XmlKeywordLogger</class>
  <method>startKeyword</method>
  <thread>1</thread>
  <message>Start action : if (var_typeReserveation == \&amp;quot;Boarding\&amp;quot;)</message>
  <nestedLevel>1</nestedLevel>
  <property name="startLine">64</property>
  <property name="stepIndex">16</property>
</record>
<record>
  <date>2019-12-12T17:46:43</date>
  <millis>1576194403183</millis>
  <sequence>146</sequence>
  <level>START</level>
  <class>com.kms.katalon.core.logging.XmlKeywordLogger</class>
  <method>startKeyword</method>
  <thread>1</thread>
  <message>Start action : click(findTestObject(\&amp;quot;Object Repository/object_reservation/btn_Boarding\&amp;quot;))</message>
  <nestedLevel>2</nestedLevel>
  <property name="startLine">65</property>
  <property name="stepIndex">1</property>
</record>
<record>
  <date>2019-12-12T17:46:43</date>
  <millis>1576194403679</millis>
  <sequence>155</sequence>
  <level>PASSED</level>
  <class>com.kms.katalon.core.logging.XmlKeywordLogger</class>
  <method>logMessage</method>
  <thread>1</thread>
  <message>Object: &amp;apos;Object Repository/object_reservation/btn_Boarding&amp;apos; is clicked on</message>
  <nestedLevel>1</nestedLevel>
</record>
<record>
  <date>2019-12-12T17:46:43</date>
  <millis>1576194403680</millis>
  <sequence>156</sequence>
  <level>END</level>
  <class>com.kms.katalon.core.logging.XmlKeywordLogger</class>
  <method>endKeyword</method>
  <thread>1</thread>
  <message>End action : click(findTestObject(\&amp;quot;Object Repository/object_reservation/btn_Boarding\&amp;quot;))</message>
  <nestedLevel>2</nestedLevel>
</record>
<record>
  <date>2019-12-12T17:46:43</date>
  <millis>1576194403680</millis>
  <sequence>157</sequence>
  <level>START</level>
  <class>com.kms.katalon.core.logging.XmlKeywordLogger</class>
  <method>startKeyword</method>
  <thread>1</thread>
  <message>Start action : flagBoar = \&amp;quot;1\&amp;quot;</message>
  <nestedLevel>2</nestedLevel>
  <property name="startLine">67</property>
  <property name="stepIndex">2</property>
</record>
<record>
  <date>2019-12-12T17:46:43</date>
  <millis>1576194403681</millis>
  <sequence>158</sequence>
  <level>END</level>
  <class>com.kms.katalon.core.logging.XmlKeywordLogger</class>
  <method>endKeyword</method>
  <thread>1</thread>
  <message>End action : flagBoar = \&amp;quot;1\&amp;quot;</message>
  <nestedLevel>2</nestedLevel>
</record>
<record>
  <date>2019-12-12T17:46:43</date>
  <millis>1576194403681</millis>
  <sequence>159</sequence>
  <level>END</level>
  <class>com.kms.katalon.core.logging.XmlKeywordLogger</class>
  <method>endKeyword</method>
  <thread>1</thread>
  <message>End action : if (var_typeReserveation == \&amp;quot;Boarding\&amp;quot;)</message>
  <nestedLevel>1</nestedLevel>
</record>
<record>
  <date>2019-12-12T17:46:43</date>
  <millis>1576194403681</millis>
  <sequence>160</sequence>
  <level>START</level>
  <class>com.kms.katalon.core.logging.XmlKeywordLogger</class>
  <method>startKeyword</method>
  <thread>1</thread>
  <message>Start action : click(findTestObject(\&amp;quot;Object Repository/object_reservation/i_location\&amp;quot;))</message>
  <nestedLevel>1</nestedLevel>
  <property name="startLine">78</property>
  <property name="stepIndex">19</property>
</record>
<record>
  <date>2019-12-12T17:46:46</date>
  <millis>1576194406217</millis>
  <sequence>169</sequence>
  <level>PASSED</level>
  <class>com.kms.katalon.core.logging.XmlKeywordLogger</class>
  <method>logMessage</method>
  <thread>1</thread>
  <message>Object: &amp;apos;Object Repository/object_reservation/i_location&amp;apos; is clicked on</message>
  <nestedLevel>1</nestedLevel>
</record>
<record>
  <date>2019-12-12T17:46:46</date>
  <millis>1576194406217</millis>
  <sequence>170</sequence>
  <level>END</level>
  <class>com.kms.katalon.core.logging.XmlKeywordLogger</class>
  <method>endKeyword</method>
  <thread>1</thread>
  <message>End action : click(findTestObject(\&amp;quot;Object Repository/object_reservation/i_location\&amp;quot;))</message>
  <nestedLevel>1</nestedLevel>
</record>
<record>
  <date>2019-12-12T17:46:46</date>
  <millis>1576194406217</millis>
  <sequence>171</sequence>
  <level>START</level>
  <class>com.kms.katalon.core.logging.XmlKeywordLogger</class>
  <method>startKeyword</method>
  <thread>1</thread>
  <message>Start action : switch (var_idFacility)</message>
  <nestedLevel>1</nestedLevel>
  <property name="startLine">80</property>
  <property name="stepIndex">20</property>
</record>
<record>
  <date>2019-12-12T17:46:46</date>
  <millis>1576194406219</millis>
  <sequence>172</sequence>
  <level>END</level>
  <class>com.kms.katalon.core.logging.XmlKeywordLogger</class>
  <method>endKeyword</method>
  <thread>1</thread>
  <message>End action : switch (var_idFacility)</message>
  <nestedLevel>1</nestedLevel>
</record>
<record>
  <date>2019-12-12T17:46:46</date>
  <millis>1576194406219</millis>
  <sequence>173</sequence>
  <level>START</level>
  <class>com.kms.katalon.core.logging.XmlKeywordLogger</class>
  <method>startKeyword</method>
  <thread>1</thread>
  <message>Start action : dateCI = var_checkinD.split(\&amp;quot;,\&amp;quot;)</message>
  <nestedLevel>1</nestedLevel>
  <property name="startLine">167</property>
  <property name="stepIndex">21</property>
</record>
<record>
  <date>2019-12-12T17:46:46</date>
  <millis>1576194406220</millis>
  <sequence>174</sequence>
  <level>END</level>
  <class>com.kms.katalon.core.logging.XmlKeywordLogger</class>
  <method>endKeyword</method>
  <thread>1</thread>
  <message>End action : dateCI = var_checkinD.split(\&amp;quot;,\&amp;quot;)</message>
  <nestedLevel>1</nestedLevel>
</record>
<record>
  <date>2019-12-12T17:46:46</date>
  <millis>1576194406221</millis>
  <sequence>175</sequence>
  <level>START</level>
  <class>com.kms.katalon.core.logging.XmlKeywordLogger</class>
  <method>startKeyword</method>
  <thread>1</thread>
  <message>Start action : dateCO = var_checkoutD.split(\&amp;quot;,\&amp;quot;)</message>
  <nestedLevel>1</nestedLevel>
  <property name="startLine">169</property>
  <property name="stepIndex">22</property>
</record>
<record>
  <date>2019-12-12T17:46:46</date>
  <millis>1576194406221</millis>
  <sequence>176</sequence>
  <level>END</level>
  <class>com.kms.katalon.core.logging.XmlKeywordLogger</class>
  <method>endKeyword</method>
  <thread>1</thread>
  <message>End action : dateCO = var_checkoutD.split(\&amp;quot;,\&amp;quot;)</message>
  <nestedLevel>1</nestedLevel>
</record>
<record>
  <date>2019-12-12T17:46:46</date>
  <millis>1576194406221</millis>
  <sequence>177</sequence>
  <level>START</level>
  <class>com.kms.katalon.core.logging.XmlKeywordLogger</class>
  <method>startKeyword</method>
  <thread>1</thread>
  <message>Start action : arryPets = var_pets.split(\&amp;quot;,\&amp;quot;)</message>
  <nestedLevel>1</nestedLevel>
  <property name="startLine">171</property>
  <property name="stepIndex">23</property>
</record>
<record>
  <date>2019-12-12T17:46:46</date>
  <millis>1576194406222</millis>
  <sequence>178</sequence>
  <level>END</level>
  <class>com.kms.katalon.core.logging.XmlKeywordLogger</class>
  <method>endKeyword</method>
  <thread>1</thread>
  <message>End action : arryPets = var_pets.split(\&amp;quot;,\&amp;quot;)</message>
  <nestedLevel>1</nestedLevel>
</record>
<record>
  <date>2019-12-12T17:46:46</date>
  <millis>1576194406222</millis>
  <sequence>179</sequence>
  <level>START</level>
  <class>com.kms.katalon.core.logging.XmlKeywordLogger</class>
  <method>startKeyword</method>
  <thread>1</thread>
  <message>Start action : delay(2)</message>
  <nestedLevel>1</nestedLevel>
  <property name="startLine">173</property>
  <property name="stepIndex">24</property>
</record>
<record>
  <date>2019-12-12T17:46:48</date>
  <millis>1576194408223</millis>
  <sequence>181</sequence>
  <level>PASSED</level>
  <class>com.kms.katalon.core.logging.XmlKeywordLogger</class>
  <method>logMessage</method>
  <thread>1</thread>
  <message>Delayed 2 second(s)</message>
  <nestedLevel>1</nestedLevel>
</record>
<record>
  <date>2019-12-12T17:46:48</date>
  <millis>1576194408224</millis>
  <sequence>182</sequence>
  <level>END</level>
  <class>com.kms.katalon.core.logging.XmlKeywordLogger</class>
  <method>endKeyword</method>
  <thread>1</thread>
  <message>End action : delay(2)</message>
  <nestedLevel>1</nestedLevel>
</record>
<record>
  <date>2019-12-12T17:46:48</date>
  <millis>1576194408224</millis>
  <sequence>183</sequence>
  <level>START</level>
  <class>com.kms.katalon.core.logging.XmlKeywordLogger</class>
  <method>startKeyword</method>
  <thread>1</thread>
  <message>Start action : if (var_repeting == \&amp;quot;Y\&amp;quot;)</message>
  <nestedLevel>1</nestedLevel>
  <property name="startLine">175</property>
  <property name="stepIndex">25</property>
</record>
<record>
  <date>2019-12-12T17:46:48</date>
  <millis>1576194408224</millis>
  <sequence>184</sequence>
  <level>END</level>
  <class>com.kms.katalon.core.logging.XmlKeywordLogger</class>
  <method>endKeyword</method>
  <thread>1</thread>
  <message>End action : if (var_repeting == \&amp;quot;Y\&amp;quot;)</message>
  <nestedLevel>1</nestedLevel>
</record>
<record>
  <date>2019-12-12T17:46:48</date>
  <millis>1576194408224</millis>
  <sequence>185</sequence>
  <level>START</level>
  <class>com.kms.katalon.core.logging.XmlKeywordLogger</class>
  <method>startKeyword</method>
  <thread>1</thread>
  <message>Start action : click(findTestObject(\&amp;quot;Object Repository/object_reservation/dateCheckIn\&amp;quot;))</message>
  <nestedLevel>1</nestedLevel>
  <property name="startLine">190</property>
  <property name="stepIndex">26</property>
</record>
<record>
  <date>2019-12-12T17:46:48</date>
  <millis>1576194408915</millis>
  <sequence>194</sequence>
  <level>PASSED</level>
  <class>com.kms.katalon.core.logging.XmlKeywordLogger</class>
  <method>logMessage</method>
  <thread>1</thread>
  <message>Object: &amp;apos;Object Repository/object_reservation/dateCheckIn&amp;apos; is clicked on</message>
  <nestedLevel>1</nestedLevel>
</record>
<record>
  <date>2019-12-12T17:46:48</date>
  <millis>1576194408916</millis>
  <sequence>195</sequence>
  <level>END</level>
  <class>com.kms.katalon.core.logging.XmlKeywordLogger</class>
  <method>endKeyword</method>
  <thread>1</thread>
  <message>End action : click(findTestObject(\&amp;quot;Object Repository/object_reservation/dateCheckIn\&amp;quot;))</message>
  <nestedLevel>1</nestedLevel>
</record>
<record>
  <date>2019-12-12T17:46:48</date>
  <millis>1576194408918</millis>
  <sequence>196</sequence>
  <level>START</level>
  <class>com.kms.katalon.core.logging.XmlKeywordLogger</class>
  <method>startKeyword</method>
  <thread>1</thread>
  <message>Start action : delay(2)</message>
  <nestedLevel>1</nestedLevel>
  <property name="startLine">197</property>
  <property name="stepIndex">27</property>
</record>
<record>
  <date>2019-12-12T17:46:50</date>
  <millis>1576194410920</millis>
  <sequence>198</sequence>
  <level>PASSED</level>
  <class>com.kms.katalon.core.logging.XmlKeywordLogger</class>
  <method>logMessage</method>
  <thread>1</thread>
  <message>Delayed 2 second(s)</message>
  <nestedLevel>1</nestedLevel>
</record>
<record>
  <date>2019-12-12T17:46:50</date>
  <millis>1576194410921</millis>
  <sequence>199</sequence>
  <level>END</level>
  <class>com.kms.katalon.core.logging.XmlKeywordLogger</class>
  <method>endKeyword</method>
  <thread>1</thread>
  <message>End action : delay(2)</message>
  <nestedLevel>1</nestedLevel>
</record>
<record>
  <date>2019-12-12T17:46:50</date>
  <millis>1576194410921</millis>
  <sequence>200</sequence>
  <level>START</level>
  <class>com.kms.katalon.core.logging.XmlKeywordLogger</class>
  <method>startKeyword</method>
  <thread>1</thread>
  <message>Start action : switch (dateCI[0])</message>
  <nestedLevel>1</nestedLevel>
  <property name="startLine">201</property>
  <property name="stepIndex">28</property>
</record>
<record>
  <date>2019-12-12T17:46:50</date>
  <millis>1576194410923</millis>
  <sequence>201</sequence>
  <level>START</level>
  <class>com.kms.katalon.core.logging.XmlKeywordLogger</class>
  <method>startKeyword</method>
  <thread>1</thread>
  <message>Start action : case \&amp;quot;1\&amp;quot;:</message>
  <nestedLevel>2</nestedLevel>
  <property name="startLine">202</property>
  <property name="stepIndex">1</property>
</record>
<record>
  <date>2019-12-12T17:46:50</date>
  <millis>1576194410924</millis>
  <sequence>202</sequence>
  <level>START</level>
  <class>com.kms.katalon.core.logging.XmlKeywordLogger</class>
  <method>startKeyword</method>
  <thread>1</thread>
  <message>Start action : click(findTestObject(\&amp;quot;Object Repository/Page_Paradise 4 Paws  Dog Boarding Cat Boarding Norwalk Pooch Hotel/button_01_ci\&amp;quot;))</message>
  <nestedLevel>3</nestedLevel>
  <property name="startLine">203</property>
  <property name="stepIndex">1</property>
</record>
<record>
  <date>2019-12-12T17:46:51</date>
  <millis>1576194411503</millis>
  <sequence>211</sequence>
  <level>PASSED</level>
  <class>com.kms.katalon.core.logging.XmlKeywordLogger</class>
  <method>logMessage</method>
  <thread>1</thread>
  <message>Object: &amp;apos;Object Repository/Page_Paradise 4 Paws  Dog Boarding Cat Boarding Norwalk Pooch Hotel/button_01_ci&amp;apos; is clicked on</message>
  <nestedLevel>1</nestedLevel>
</record>
<record>
  <date>2019-12-12T17:46:51</date>
  <millis>1576194411504</millis>
  <sequence>212</sequence>
  <level>END</level>
  <class>com.kms.katalon.core.logging.XmlKeywordLogger</class>
  <method>endKeyword</method>
  <thread>1</thread>
  <message>End action : click(findTestObject(\&amp;quot;Object Repository/Page_Paradise 4 Paws  Dog Boarding Cat Boarding Norwalk Pooch Hotel/button_01_ci\&amp;quot;))</message>
  <nestedLevel>3</nestedLevel>
</record>
<record>
  <date>2019-12-12T17:46:51</date>
  <millis>1576194411504</millis>
  <sequence>213</sequence>
  <level>START</level>
  <class>com.kms.katalon.core.logging.XmlKeywordLogger</class>
  <method>startKeyword</method>
  <thread>1</thread>
  <message>Start action : break</message>
  <nestedLevel>3</nestedLevel>
  <property name="startLine">205</property>
  <property name="stepIndex">2</property>
</record>
<record>
  <date>2019-12-12T17:46:51</date>
  <millis>1576194411504</millis>
  <sequence>214</sequence>
  <level>END</level>
  <class>com.kms.katalon.core.logging.XmlKeywordLogger</class>
  <method>endKeyword</method>
  <thread>1</thread>
  <message>End action : break</message>
  <nestedLevel>3</nestedLevel>
</record>
<record>
  <date>2019-12-12T17:46:51</date>
  <millis>1576194411504</millis>
  <sequence>215</sequence>
  <level>END</level>
  <class>com.kms.katalon.core.logging.XmlKeywordLogger</class>
  <method>endKeyword</method>
  <thread>1</thread>
  <message>End action : case \&amp;quot;1\&amp;quot;:</message>
  <nestedLevel>2</nestedLevel>
</record>
<record>
  <date>2019-12-12T17:46:51</date>
  <millis>1576194411505</millis>
  <sequence>216</sequence>
  <level>END</level>
  <class>com.kms.katalon.core.logging.XmlKeywordLogger</class>
  <method>endKeyword</method>
  <thread>1</thread>
  <message>End action : switch (dateCI[0])</message>
  <nestedLevel>1</nestedLevel>
</record>
<record>
  <date>2019-12-12T17:46:51</date>
  <millis>1576194411505</millis>
  <sequence>217</sequence>
  <level>START</level>
  <class>com.kms.katalon.core.logging.XmlKeywordLogger</class>
  <method>startKeyword</method>
  <thread>1</thread>
  <message>Start action : if (flagBoar == \&amp;quot;1\&amp;quot;)</message>
  <nestedLevel>1</nestedLevel>
  <property name="startLine">333</property>
  <property name="stepIndex">29</property>
</record>
<record>
  <date>2019-12-12T17:46:51</date>
  <millis>1576194411505</millis>
  <sequence>218</sequence>
  <level>START</level>
  <class>com.kms.katalon.core.logging.XmlKeywordLogger</class>
  <method>startKeyword</method>
  <thread>1</thread>
  <message>Start action : click(findTestObject(\&amp;quot;Object Repository/object_reservation/dateCheckOut\&amp;quot;))</message>
  <nestedLevel>2</nestedLevel>
  <property name="startLine">334</property>
  <property name="stepIndex">1</property>
</record>
<record>
  <date>2019-12-12T17:46:52</date>
  <millis>1576194412317</millis>
  <sequence>227</sequence>
  <level>PASSED</level>
  <class>com.kms.katalon.core.logging.XmlKeywordLogger</class>
  <method>logMessage</method>
  <thread>1</thread>
  <message>Object: &amp;apos;Object Repository/object_reservation/dateCheckOut&amp;apos; is clicked on</message>
  <nestedLevel>1</nestedLevel>
</record>
<record>
  <date>2019-12-12T17:46:52</date>
  <millis>1576194412317</millis>
  <sequence>228</sequence>
  <level>END</level>
  <class>com.kms.katalon.core.logging.XmlKeywordLogger</class>
  <method>endKeyword</method>
  <thread>1</thread>
  <message>End action : click(findTestObject(\&amp;quot;Object Repository/object_reservation/dateCheckOut\&amp;quot;))</message>
  <nestedLevel>2</nestedLevel>
</record>
<record>
  <date>2019-12-12T17:46:52</date>
  <millis>1576194412318</millis>
  <sequence>229</sequence>
  <level>START</level>
  <class>com.kms.katalon.core.logging.XmlKeywordLogger</class>
  <method>startKeyword</method>
  <thread>1</thread>
  <message>Start action : switch (dateCO[0])</message>
  <nestedLevel>2</nestedLevel>
  <property name="startLine">338</property>
  <property name="stepIndex">2</property>
</record>
<record>
  <date>2019-12-12T17:46:52</date>
  <millis>1576194412318</millis>
  <sequence>230</sequence>
  <level>START</level>
  <class>com.kms.katalon.core.logging.XmlKeywordLogger</class>
  <method>startKeyword</method>
  <thread>1</thread>
  <message>Start action : case \&amp;quot;2\&amp;quot;:</message>
  <nestedLevel>3</nestedLevel>
  <property name="startLine">343</property>
  <property name="stepIndex">2</property>
</record>
<record>
  <date>2019-12-12T17:46:52</date>
  <millis>1576194412318</millis>
  <sequence>231</sequence>
  <level>START</level>
  <class>com.kms.katalon.core.logging.XmlKeywordLogger</class>
  <method>startKeyword</method>
  <thread>1</thread>
  <message>Start action : click(findTestObject(\&amp;quot;Object Repository/Page_Paradise 4 Paws  Dog Boarding Cat Boarding Norwalk Pooch Hotel/button_02_co\&amp;quot;))</message>
  <nestedLevel>4</nestedLevel>
  <property name="startLine">344</property>
  <property name="stepIndex">1</property>
</record>
<record>
  <date>2019-12-12T17:46:53</date>
  <millis>1576194413123</millis>
  <sequence>240</sequence>
  <level>PASSED</level>
  <class>com.kms.katalon.core.logging.XmlKeywordLogger</class>
  <method>logMessage</method>
  <thread>1</thread>
  <message>Object: &amp;apos;Object Repository/Page_Paradise 4 Paws  Dog Boarding Cat Boarding Norwalk Pooch Hotel/button_02_co&amp;apos; is clicked on</message>
  <nestedLevel>1</nestedLevel>
</record>
<record>
  <date>2019-12-12T17:46:53</date>
  <millis>1576194413124</millis>
  <sequence>241</sequence>
  <level>END</level>
  <class>com.kms.katalon.core.logging.XmlKeywordLogger</class>
  <method>endKeyword</method>
  <thread>1</thread>
  <message>End action : click(findTestObject(\&amp;quot;Object Repository/Page_Paradise 4 Paws  Dog Boarding Cat Boarding Norwalk Pooch Hotel/button_02_co\&amp;quot;))</message>
  <nestedLevel>4</nestedLevel>
</record>
<record>
  <date>2019-12-12T17:46:53</date>
  <millis>1576194413124</millis>
  <sequence>242</sequence>
  <level>START</level>
  <class>com.kms.katalon.core.logging.XmlKeywordLogger</class>
  <method>startKeyword</method>
  <thread>1</thread>
  <message>Start action : break</message>
  <nestedLevel>4</nestedLevel>
  <property name="startLine">346</property>
  <property name="stepIndex">2</property>
</record>
<record>
  <date>2019-12-12T17:46:53</date>
  <millis>1576194413125</millis>
  <sequence>243</sequence>
  <level>END</level>
  <class>com.kms.katalon.core.logging.XmlKeywordLogger</class>
  <method>endKeyword</method>
  <thread>1</thread>
  <message>End action : break</message>
  <nestedLevel>4</nestedLevel>
</record>
<record>
  <date>2019-12-12T17:46:53</date>
  <millis>1576194413125</millis>
  <sequence>244</sequence>
  <level>END</level>
  <class>com.kms.katalon.core.logging.XmlKeywordLogger</class>
  <method>endKeyword</method>
  <thread>1</thread>
  <message>End action : case \&amp;quot;2\&amp;quot;:</message>
  <nestedLevel>3</nestedLevel>
</record>
<record>
  <date>2019-12-12T17:46:53</date>
  <millis>1576194413126</millis>
  <sequence>245</sequence>
  <level>END</level>
  <class>com.kms.katalon.core.logging.XmlKeywordLogger</class>
  <method>endKeyword</method>
  <thread>1</thread>
  <message>End action : switch (dateCO[0])</message>
  <nestedLevel>2</nestedLevel>
</record>
<record>
  <date>2019-12-12T17:46:53</date>
  <millis>1576194413126</millis>
  <sequence>246</sequence>
  <level>END</level>
  <class>com.kms.katalon.core.logging.XmlKeywordLogger</class>
  <method>endKeyword</method>
  <thread>1</thread>
  <message>End action : if (flagBoar == \&amp;quot;1\&amp;quot;)</message>
  <nestedLevel>1</nestedLevel>
</record>
<record>
  <date>2019-12-12T17:46:53</date>
  <millis>1576194413126</millis>
  <sequence>247</sequence>
  <level>START</level>
  <class>com.kms.katalon.core.logging.XmlKeywordLogger</class>
  <method>startKeyword</method>
  <thread>1</thread>
  <message>Start action : click(findTestObject(\&amp;quot;Object Repository/object_reservationCalendar/CO_close\&amp;quot;))</message>
  <nestedLevel>1</nestedLevel>
  <property name="startLine">470</property>
  <property name="stepIndex">30</property>
</record>
<record>
  <date>2019-12-12T17:46:53</date>
  <millis>1576194413128</millis>
  <sequence>248</sequence>
  <level>NOT_RUN</level>
  <class>com.kms.katalon.core.logging.XmlKeywordLogger</class>
  <method>logMessage</method>
  <thread>1</thread>
  <message>NOT_RUN: click(findTestObject(\&amp;quot;Object Repository/object_reservationCalendar/CO_close\&amp;quot;))</message>
  <nestedLevel>1</nestedLevel>
</record>
<record>
  <date>2019-12-12T17:46:53</date>
  <millis>1576194413129</millis>
  <sequence>249</sequence>
  <level>END</level>
  <class>com.kms.katalon.core.logging.XmlKeywordLogger</class>
  <method>endKeyword</method>
  <thread>1</thread>
  <message>End action : click(findTestObject(\&amp;quot;Object Repository/object_reservationCalendar/CO_close\&amp;quot;))</message>
  <nestedLevel>1</nestedLevel>
</record>
<record>
  <date>2019-12-12T17:46:53</date>
  <millis>1576194413130</millis>
  <sequence>250</sequence>
  <level>START</level>
  <class>com.kms.katalon.core.logging.XmlKeywordLogger</class>
  <method>startKeyword</method>
  <thread>1</thread>
  <message>Start action : click(findTestObject(\&amp;quot;Object Repository/object_reservation/timeCheckin\&amp;quot;))</message>
  <nestedLevel>1</nestedLevel>
  <property name="startLine">474</property>
  <property name="stepIndex">31</property>
</record>
<record>
  <date>2019-12-12T17:46:53</date>
  <millis>1576194413771</millis>
  <sequence>259</sequence>
  <level>PASSED</level>
  <class>com.kms.katalon.core.logging.XmlKeywordLogger</class>
  <method>logMessage</method>
  <thread>1</thread>
  <message>Object: &amp;apos;Object Repository/object_reservation/timeCheckin&amp;apos; is clicked on</message>
  <nestedLevel>1</nestedLevel>
</record>
<record>
  <date>2019-12-12T17:46:53</date>
  <millis>1576194413771</millis>
  <sequence>260</sequence>
  <level>END</level>
  <class>com.kms.katalon.core.logging.XmlKeywordLogger</class>
  <method>endKeyword</method>
  <thread>1</thread>
  <message>End action : click(findTestObject(\&amp;quot;Object Repository/object_reservation/timeCheckin\&amp;quot;))</message>
  <nestedLevel>1</nestedLevel>
</record>
<record>
  <date>2019-12-12T17:46:53</date>
  <millis>1576194413771</millis>
  <sequence>261</sequence>
  <level>START</level>
  <class>com.kms.katalon.core.logging.XmlKeywordLogger</class>
  <method>startKeyword</method>
  <thread>1</thread>
  <message>Start action : switch (var_checkinT)</message>
  <nestedLevel>1</nestedLevel>
  <property name="startLine">478</property>
  <property name="stepIndex">32</property>
</record>
<record>
  <date>2019-12-12T17:46:53</date>
  <millis>1576194413772</millis>
  <sequence>262</sequence>
  <level>START</level>
  <class>com.kms.katalon.core.logging.XmlKeywordLogger</class>
  <method>startKeyword</method>
  <thread>1</thread>
  <message>Start action : case \&amp;quot;800\&amp;quot;:</message>
  <nestedLevel>2</nestedLevel>
  <property name="startLine">509</property>
  <property name="stepIndex">16</property>
</record>
<record>
  <date>2019-12-12T17:46:53</date>
  <millis>1576194413772</millis>
  <sequence>263</sequence>
  <level>START</level>
  <class>com.kms.katalon.core.logging.XmlKeywordLogger</class>
  <method>startKeyword</method>
  <thread>1</thread>
  <message>Start action : click(findTestObject(\&amp;quot;Object Repository/Page_Paradise 4 Paws  Dog Boarding Cat Boarding Norwalk Pooch Hotel/time_800am_ci\&amp;quot;))</message>
  <nestedLevel>3</nestedLevel>
  <property name="startLine">510</property>
  <property name="stepIndex">1</property>
</record>
<record>
  <date>2019-12-12T17:46:54</date>
  <millis>1576194414469</millis>
  <sequence>272</sequence>
  <level>PASSED</level>
  <class>com.kms.katalon.core.logging.XmlKeywordLogger</class>
  <method>logMessage</method>
  <thread>1</thread>
  <message>Object: &amp;apos;Object Repository/Page_Paradise 4 Paws  Dog Boarding Cat Boarding Norwalk Pooch Hotel/time_800am_ci&amp;apos; is clicked on</message>
  <nestedLevel>1</nestedLevel>
</record>
<record>
  <date>2019-12-12T17:46:54</date>
  <millis>1576194414470</millis>
  <sequence>273</sequence>
  <level>END</level>
  <class>com.kms.katalon.core.logging.XmlKeywordLogger</class>
  <method>endKeyword</method>
  <thread>1</thread>
  <message>End action : click(findTestObject(\&amp;quot;Object Repository/Page_Paradise 4 Paws  Dog Boarding Cat Boarding Norwalk Pooch Hotel/time_800am_ci\&amp;quot;))</message>
  <nestedLevel>3</nestedLevel>
</record>
<record>
  <date>2019-12-12T17:46:54</date>
  <millis>1576194414470</millis>
  <sequence>274</sequence>
  <level>START</level>
  <class>com.kms.katalon.core.logging.XmlKeywordLogger</class>
  <method>startKeyword</method>
  <thread>1</thread>
  <message>Start action : break</message>
  <nestedLevel>3</nestedLevel>
  <property name="startLine">512</property>
  <property name="stepIndex">2</property>
</record>
<record>
  <date>2019-12-12T17:46:54</date>
  <millis>1576194414471</millis>
  <sequence>275</sequence>
  <level>END</level>
  <class>com.kms.katalon.core.logging.XmlKeywordLogger</class>
  <method>endKeyword</method>
  <thread>1</thread>
  <message>End action : break</message>
  <nestedLevel>3</nestedLevel>
</record>
<record>
  <date>2019-12-12T17:46:54</date>
  <millis>1576194414471</millis>
  <sequence>276</sequence>
  <level>END</level>
  <class>com.kms.katalon.core.logging.XmlKeywordLogger</class>
  <method>endKeyword</method>
  <thread>1</thread>
  <message>End action : case \&amp;quot;800\&amp;quot;:</message>
  <nestedLevel>2</nestedLevel>
</record>
<record>
  <date>2019-12-12T17:46:54</date>
  <millis>1576194414471</millis>
  <sequence>277</sequence>
  <level>END</level>
  <class>com.kms.katalon.core.logging.XmlKeywordLogger</class>
  <method>endKeyword</method>
  <thread>1</thread>
  <message>End action : switch (var_checkinT)</message>
  <nestedLevel>1</nestedLevel>
</record>
<record>
  <date>2019-12-12T17:46:54</date>
  <millis>1576194414471</millis>
  <sequence>278</sequence>
  <level>START</level>
  <class>com.kms.katalon.core.logging.XmlKeywordLogger</class>
  <method>startKeyword</method>
  <thread>1</thread>
  <message>Start action : click(findTestObject(\&amp;quot;Object Repository/object_reservation/timeCheckOut\&amp;quot;))</message>
  <nestedLevel>1</nestedLevel>
  <property name="startLine">573</property>
  <property name="stepIndex">33</property>
</record>
<record>
  <date>2019-12-12T17:46:55</date>
  <millis>1576194415202</millis>
  <sequence>287</sequence>
  <level>PASSED</level>
  <class>com.kms.katalon.core.logging.XmlKeywordLogger</class>
  <method>logMessage</method>
  <thread>1</thread>
  <message>Object: &amp;apos;Object Repository/object_reservation/timeCheckOut&amp;apos; is clicked on</message>
  <nestedLevel>1</nestedLevel>
</record>
<record>
  <date>2019-12-12T17:46:55</date>
  <millis>1576194415203</millis>
  <sequence>288</sequence>
  <level>END</level>
  <class>com.kms.katalon.core.logging.XmlKeywordLogger</class>
  <method>endKeyword</method>
  <thread>1</thread>
  <message>End action : click(findTestObject(\&amp;quot;Object Repository/object_reservation/timeCheckOut\&amp;quot;))</message>
  <nestedLevel>1</nestedLevel>
</record>
<record>
  <date>2019-12-12T17:46:55</date>
  <millis>1576194415203</millis>
  <sequence>289</sequence>
  <level>START</level>
  <class>com.kms.katalon.core.logging.XmlKeywordLogger</class>
  <method>startKeyword</method>
  <thread>1</thread>
  <message>Start action : switch (var_checkoutT)</message>
  <nestedLevel>1</nestedLevel>
  <property name="startLine">575</property>
  <property name="stepIndex">34</property>
</record>
<record>
  <date>2019-12-12T17:46:55</date>
  <millis>1576194415203</millis>
  <sequence>290</sequence>
  <level>START</level>
  <class>com.kms.katalon.core.logging.XmlKeywordLogger</class>
  <method>startKeyword</method>
  <thread>1</thread>
  <message>Start action : case \&amp;quot;1200\&amp;quot;:</message>
  <nestedLevel>2</nestedLevel>
  <property name="startLine">576</property>
  <property name="stepIndex">1</property>
</record>
<record>
  <date>2019-12-12T17:46:55</date>
  <millis>1576194415203</millis>
  <sequence>291</sequence>
  <level>START</level>
  <class>com.kms.katalon.core.logging.XmlKeywordLogger</class>
  <method>startKeyword</method>
  <thread>1</thread>
  <message>Start action : click(findTestObject(\&amp;quot;Object Repository/Page_Paradise 4 Paws  Dog Boarding Cat Boarding Norwalk Pooch Hotel/time_1200pm_co\&amp;quot;))</message>
  <nestedLevel>3</nestedLevel>
  <property name="startLine">579</property>
  <property name="stepIndex">1</property>
</record>
<record>
  <date>2019-12-12T17:46:55</date>
  <millis>1576194415863</millis>
  <sequence>300</sequence>
  <level>PASSED</level>
  <class>com.kms.katalon.core.logging.XmlKeywordLogger</class>
  <method>logMessage</method>
  <thread>1</thread>
  <message>Object: &amp;apos;Object Repository/Page_Paradise 4 Paws  Dog Boarding Cat Boarding Norwalk Pooch Hotel/time_1200pm_co&amp;apos; is clicked on</message>
  <nestedLevel>1</nestedLevel>
</record>
<record>
  <date>2019-12-12T17:46:55</date>
  <millis>1576194415864</millis>
  <sequence>301</sequence>
  <level>END</level>
  <class>com.kms.katalon.core.logging.XmlKeywordLogger</class>
  <method>endKeyword</method>
  <thread>1</thread>
  <message>End action : click(findTestObject(\&amp;quot;Object Repository/Page_Paradise 4 Paws  Dog Boarding Cat Boarding Norwalk Pooch Hotel/time_1200pm_co\&amp;quot;))</message>
  <nestedLevel>3</nestedLevel>
</record>
<record>
  <date>2019-12-12T17:46:55</date>
  <millis>1576194415864</millis>
  <sequence>302</sequence>
  <level>START</level>
  <class>com.kms.katalon.core.logging.XmlKeywordLogger</class>
  <method>startKeyword</method>
  <thread>1</thread>
  <message>Start action : break</message>
  <nestedLevel>3</nestedLevel>
  <property name="startLine">581</property>
  <property name="stepIndex">2</property>
</record>
<record>
  <date>2019-12-12T17:46:55</date>
  <millis>1576194415864</millis>
  <sequence>303</sequence>
  <level>END</level>
  <class>com.kms.katalon.core.logging.XmlKeywordLogger</class>
  <method>endKeyword</method>
  <thread>1</thread>
  <message>End action : break</message>
  <nestedLevel>3</nestedLevel>
</record>
<record>
  <date>2019-12-12T17:46:55</date>
  <millis>1576194415864</millis>
  <sequence>304</sequence>
  <level>END</level>
  <class>com.kms.katalon.core.logging.XmlKeywordLogger</class>
  <method>endKeyword</method>
  <thread>1</thread>
  <message>End action : case \&amp;quot;1200\&amp;quot;:</message>
  <nestedLevel>2</nestedLevel>
</record>
<record>
  <date>2019-12-12T17:46:55</date>
  <millis>1576194415864</millis>
  <sequence>305</sequence>
  <level>END</level>
  <class>com.kms.katalon.core.logging.XmlKeywordLogger</class>
  <method>endKeyword</method>
  <thread>1</thread>
  <message>End action : switch (var_checkoutT)</message>
  <nestedLevel>1</nestedLevel>
</record>
<record>
  <date>2019-12-12T17:46:55</date>
  <millis>1576194415864</millis>
  <sequence>306</sequence>
  <level>START</level>
  <class>com.kms.katalon.core.logging.XmlKeywordLogger</class>
  <method>startKeyword</method>
  <thread>1</thread>
  <message>Start action : delay(2)</message>
  <nestedLevel>1</nestedLevel>
  <property name="startLine">588</property>
  <property name="stepIndex">35</property>
</record>
<record>
  <date>2019-12-12T17:46:57</date>
  <millis>1576194417865</millis>
  <sequence>308</sequence>
  <level>PASSED</level>
  <class>com.kms.katalon.core.logging.XmlKeywordLogger</class>
  <method>logMessage</method>
  <thread>1</thread>
  <message>Delayed 2 second(s)</message>
  <nestedLevel>1</nestedLevel>
</record>
<record>
  <date>2019-12-12T17:46:57</date>
  <millis>1576194417866</millis>
  <sequence>309</sequence>
  <level>END</level>
  <class>com.kms.katalon.core.logging.XmlKeywordLogger</class>
  <method>endKeyword</method>
  <thread>1</thread>
  <message>End action : delay(2)</message>
  <nestedLevel>1</nestedLevel>
</record>
<record>
  <date>2019-12-12T17:46:57</date>
  <millis>1576194417866</millis>
  <sequence>310</sequence>
  <level>START</level>
  <class>com.kms.katalon.core.logging.XmlKeywordLogger</class>
  <method>startKeyword</method>
  <thread>1</thread>
  <message>Start action : if (arryPets.size() == 1)</message>
  <nestedLevel>1</nestedLevel>
  <property name="startLine">615</property>
  <property name="stepIndex">36</property>
</record>
<record>
  <date>2019-12-12T17:46:57</date>
  <millis>1576194417867</millis>
  <sequence>311</sequence>
  <level>START</level>
  <class>com.kms.katalon.core.logging.XmlKeywordLogger</class>
  <method>startKeyword</method>
  <thread>1</thread>
  <message>Start action : click(findTestObject(\&amp;quot;Object Repository/object_reservation/Page_Paradise 4 Paws  Dog Boarding Cat Boarding Norwalk Pooch Hotel/div_Ares\&amp;quot;))</message>
  <nestedLevel>2</nestedLevel>
  <property name="startLine">616</property>
  <property name="stepIndex">1</property>
</record>
<record>
  <date>2019-12-12T17:46:59</date>
  <millis>1576194419223</millis>
  <sequence>320</sequence>
  <level>PASSED</level>
  <class>com.kms.katalon.core.logging.XmlKeywordLogger</class>
  <method>logMessage</method>
  <thread>1</thread>
  <message>Object: &amp;apos;Object Repository/object_reservation/Page_Paradise 4 Paws  Dog Boarding Cat Boarding Norwalk Pooch Hotel/div_Ares&amp;apos; is clicked on</message>
  <nestedLevel>1</nestedLevel>
</record>
<record>
  <date>2019-12-12T17:46:59</date>
  <millis>1576194419223</millis>
  <sequence>321</sequence>
  <level>END</level>
  <class>com.kms.katalon.core.logging.XmlKeywordLogger</class>
  <method>endKeyword</method>
  <thread>1</thread>
  <message>End action : click(findTestObject(\&amp;quot;Object Repository/object_reservation/Page_Paradise 4 Paws  Dog Boarding Cat Boarding Norwalk Pooch Hotel/div_Ares\&amp;quot;))</message>
  <nestedLevel>2</nestedLevel>
</record>
<record>
  <date>2019-12-12T17:46:59</date>
  <millis>1576194419223</millis>
  <sequence>322</sequence>
  <level>END</level>
  <class>com.kms.katalon.core.logging.XmlKeywordLogger</class>
  <method>endKeyword</method>
  <thread>1</thread>
  <message>End action : if (arryPets.size() == 1)</message>
  <nestedLevel>1</nestedLevel>
</record>
<record>
  <date>2019-12-12T17:46:59</date>
  <millis>1576194419223</millis>
  <sequence>323</sequence>
  <level>START</level>
  <class>com.kms.katalon.core.logging.XmlKeywordLogger</class>
  <method>startKeyword</method>
  <thread>1</thread>
  <message>Start action : click(findTestObject(\&amp;quot;object_reservations/i_Day_fa fa-circle-o ng-scope\&amp;quot;))</message>
  <nestedLevel>1</nestedLevel>
  <property name="startLine">645</property>
  <property name="stepIndex">39</property>
</record>
<record>
  <date>2019-12-12T17:46:59</date>
  <millis>1576194419224</millis>
  <sequence>324</sequence>
  <level>NOT_RUN</level>
  <class>com.kms.katalon.core.logging.XmlKeywordLogger</class>
  <method>logMessage</method>
  <thread>1</thread>
  <message>NOT_RUN: click(findTestObject(\&amp;quot;object_reservations/i_Day_fa fa-circle-o ng-scope\&amp;quot;))</message>
  <nestedLevel>1</nestedLevel>
</record>
<record>
  <date>2019-12-12T17:46:59</date>
  <millis>1576194419224</millis>
  <sequence>325</sequence>
  <level>END</level>
  <class>com.kms.katalon.core.logging.XmlKeywordLogger</class>
  <method>endKeyword</method>
  <thread>1</thread>
  <message>End action : click(findTestObject(\&amp;quot;object_reservations/i_Day_fa fa-circle-o ng-scope\&amp;quot;))</message>
  <nestedLevel>1</nestedLevel>
</record>
<record>
  <date>2019-12-12T17:46:59</date>
  <millis>1576194419224</millis>
  <sequence>326</sequence>
  <level>START</level>
  <class>com.kms.katalon.core.logging.XmlKeywordLogger</class>
  <method>startKeyword</method>
  <thread>1</thread>
  <message>Start action : if (flagBoar == \&amp;quot;1\&amp;quot; || flagBoar == \&amp;quot;2\&amp;quot;)</message>
  <nestedLevel>1</nestedLevel>
  <property name="startLine">647</property>
  <property name="stepIndex">40</property>
</record>
<record>
  <date>2019-12-12T17:46:59</date>
  <millis>1576194419224</millis>
  <sequence>327</sequence>
  <level>START</level>
  <class>com.kms.katalon.core.logging.XmlKeywordLogger</class>
  <method>startKeyword</method>
  <thread>1</thread>
  <message>Start action : click(findTestObject(\&amp;quot;Object Repository/object_reservation/div_suite_rad_deluxe\&amp;quot;))</message>
  <nestedLevel>2</nestedLevel>
  <property name="startLine">648</property>
  <property name="stepIndex">1</property>
</record>
<record>
  <date>2019-12-12T17:47:03</date>
  <millis>1576194423581</millis>
  <sequence>336</sequence>
  <level>PASSED</level>
  <class>com.kms.katalon.core.logging.XmlKeywordLogger</class>
  <method>logMessage</method>
  <thread>1</thread>
  <message>Object: &amp;apos;Object Repository/object_reservation/div_suite_rad_deluxe&amp;apos; is clicked on</message>
  <nestedLevel>1</nestedLevel>
</record>
<record>
  <date>2019-12-12T17:47:03</date>
  <millis>1576194423581</millis>
  <sequence>337</sequence>
  <level>END</level>
  <class>com.kms.katalon.core.logging.XmlKeywordLogger</class>
  <method>endKeyword</method>
  <thread>1</thread>
  <message>End action : click(findTestObject(\&amp;quot;Object Repository/object_reservation/div_suite_rad_deluxe\&amp;quot;))</message>
  <nestedLevel>2</nestedLevel>
</record>
<record>
  <date>2019-12-12T17:47:03</date>
  <millis>1576194423581</millis>
  <sequence>338</sequence>
  <level>END</level>
  <class>com.kms.katalon.core.logging.XmlKeywordLogger</class>
  <method>endKeyword</method>
  <thread>1</thread>
  <message>End action : if (flagBoar == \&amp;quot;1\&amp;quot; || flagBoar == \&amp;quot;2\&amp;quot;)</message>
  <nestedLevel>1</nestedLevel>
</record>
<record>
  <date>2019-12-12T17:47:03</date>
  <millis>1576194423581</millis>
  <sequence>339</sequence>
  <level>START</level>
  <class>com.kms.katalon.core.logging.XmlKeywordLogger</class>
  <method>startKeyword</method>
  <thread>1</thread>
  <message>Start action : click(findTestObject(\&amp;quot;Object Repository/object_reservation/btn_next2\&amp;quot;))</message>
  <nestedLevel>1</nestedLevel>
  <property name="startLine">652</property>
  <property name="stepIndex">41</property>
</record>
<record>
  <date>2019-12-12T17:47:06</date>
  <millis>1576194426491</millis>
  <sequence>348</sequence>
  <level>PASSED</level>
  <class>com.kms.katalon.core.logging.XmlKeywordLogger</class>
  <method>logMessage</method>
  <thread>1</thread>
  <message>Object: &amp;apos;Object Repository/object_reservation/btn_next2&amp;apos; is clicked on</message>
  <nestedLevel>1</nestedLevel>
</record>
<record>
  <date>2019-12-12T17:47:06</date>
  <millis>1576194426492</millis>
  <sequence>349</sequence>
  <level>END</level>
  <class>com.kms.katalon.core.logging.XmlKeywordLogger</class>
  <method>endKeyword</method>
  <thread>1</thread>
  <message>End action : click(findTestObject(\&amp;quot;Object Repository/object_reservation/btn_next2\&amp;quot;))</message>
  <nestedLevel>1</nestedLevel>
</record>
<record>
  <date>2019-12-12T17:47:06</date>
  <millis>1576194426492</millis>
  <sequence>350</sequence>
  <level>START</level>
  <class>com.kms.katalon.core.logging.XmlKeywordLogger</class>
  <method>startKeyword</method>
  <thread>1</thread>
  <message>Start action : delay(3)</message>
  <nestedLevel>1</nestedLevel>
  <property name="startLine">654</property>
  <property name="stepIndex">42</property>
</record>
<record>
  <date>2019-12-12T17:47:09</date>
  <millis>1576194429494</millis>
  <sequence>352</sequence>
  <level>PASSED</level>
  <class>com.kms.katalon.core.logging.XmlKeywordLogger</class>
  <method>logMessage</method>
  <thread>1</thread>
  <message>Delayed 3 second(s)</message>
  <nestedLevel>1</nestedLevel>
</record>
<record>
  <date>2019-12-12T17:47:09</date>
  <millis>1576194429494</millis>
  <sequence>353</sequence>
  <level>END</level>
  <class>com.kms.katalon.core.logging.XmlKeywordLogger</class>
  <method>endKeyword</method>
  <thread>1</thread>
  <message>End action : delay(3)</message>
  <nestedLevel>1</nestedLevel>
</record>
<record>
  <date>2019-12-12T17:47:09</date>
  <millis>1576194429494</millis>
  <sequence>354</sequence>
  <level>START</level>
  <class>com.kms.katalon.core.logging.XmlKeywordLogger</class>
  <method>startKeyword</method>
  <thread>1</thread>
  <message>Start action : if (flagBoar == \&amp;quot;1\&amp;quot;)</message>
  <nestedLevel>1</nestedLevel>
  <property name="startLine">656</property>
  <property name="stepIndex">43</property>
</record>
<record>
  <date>2019-12-12T17:47:09</date>
  <millis>1576194429495</millis>
  <sequence>355</sequence>
  <level>START</level>
  <class>com.kms.katalon.core.logging.XmlKeywordLogger</class>
  <method>startKeyword</method>
  <thread>1</thread>
  <message>Start action : click(findTestObject(\&amp;quot;Object Repository/object_reservation/button_DeclineThisPromo\&amp;quot;))</message>
  <nestedLevel>2</nestedLevel>
  <property name="startLine">657</property>
  <property name="stepIndex">1</property>
</record>
<record>
  <date>2019-12-12T17:47:10</date>
  <millis>1576194430018</millis>
  <sequence>364</sequence>
  <level>PASSED</level>
  <class>com.kms.katalon.core.logging.XmlKeywordLogger</class>
  <method>logMessage</method>
  <thread>1</thread>
  <message>Object: &amp;apos;Object Repository/object_reservation/button_DeclineThisPromo&amp;apos; is clicked on</message>
  <nestedLevel>1</nestedLevel>
</record>
<record>
  <date>2019-12-12T17:47:10</date>
  <millis>1576194430019</millis>
  <sequence>365</sequence>
  <level>END</level>
  <class>com.kms.katalon.core.logging.XmlKeywordLogger</class>
  <method>endKeyword</method>
  <thread>1</thread>
  <message>End action : click(findTestObject(\&amp;quot;Object Repository/object_reservation/button_DeclineThisPromo\&amp;quot;))</message>
  <nestedLevel>2</nestedLevel>
</record>
<record>
  <date>2019-12-12T17:47:10</date>
  <millis>1576194430019</millis>
  <sequence>366</sequence>
  <level>END</level>
  <class>com.kms.katalon.core.logging.XmlKeywordLogger</class>
  <method>endKeyword</method>
  <thread>1</thread>
  <message>End action : if (flagBoar == \&amp;quot;1\&amp;quot;)</message>
  <nestedLevel>1</nestedLevel>
</record>
<record>
  <date>2019-12-12T17:47:10</date>
  <millis>1576194430019</millis>
  <sequence>367</sequence>
  <level>START</level>
  <class>com.kms.katalon.core.logging.XmlKeywordLogger</class>
  <method>startKeyword</method>
  <thread>1</thread>
  <message>Start action : delay(2)</message>
  <nestedLevel>1</nestedLevel>
  <property name="startLine">661</property>
  <property name="stepIndex">44</property>
</record>
<record>
  <date>2019-12-12T17:47:12</date>
  <millis>1576194432020</millis>
  <sequence>369</sequence>
  <level>PASSED</level>
  <class>com.kms.katalon.core.logging.XmlKeywordLogger</class>
  <method>logMessage</method>
  <thread>1</thread>
  <message>Delayed 2 second(s)</message>
  <nestedLevel>1</nestedLevel>
</record>
<record>
  <date>2019-12-12T17:47:12</date>
  <millis>1576194432022</millis>
  <sequence>370</sequence>
  <level>END</level>
  <class>com.kms.katalon.core.logging.XmlKeywordLogger</class>
  <method>endKeyword</method>
  <thread>1</thread>
  <message>End action : delay(2)</message>
  <nestedLevel>1</nestedLevel>
</record>
<record>
  <date>2019-12-12T17:47:12</date>
  <millis>1576194432022</millis>
  <sequence>371</sequence>
  <level>START</level>
  <class>com.kms.katalon.core.logging.XmlKeywordLogger</class>
  <method>startKeyword</method>
  <thread>1</thread>
  <message>Start action : click(findTestObject(\&amp;quot;Object Repository/object_reservation/btn_next2\&amp;quot;))</message>
  <nestedLevel>1</nestedLevel>
  <property name="startLine">663</property>
  <property name="stepIndex">45</property>
</record>
<record>
  <date>2019-12-12T17:47:12</date>
  <millis>1576194432556</millis>
  <sequence>380</sequence>
  <level>PASSED</level>
  <class>com.kms.katalon.core.logging.XmlKeywordLogger</class>
  <method>logMessage</method>
  <thread>1</thread>
  <message>Object: &amp;apos;Object Repository/object_reservation/btn_next2&amp;apos; is clicked on</message>
  <nestedLevel>1</nestedLevel>
</record>
<record>
  <date>2019-12-12T17:47:12</date>
  <millis>1576194432557</millis>
  <sequence>381</sequence>
  <level>END</level>
  <class>com.kms.katalon.core.logging.XmlKeywordLogger</class>
  <method>endKeyword</method>
  <thread>1</thread>
  <message>End action : click(findTestObject(\&amp;quot;Object Repository/object_reservation/btn_next2\&amp;quot;))</message>
  <nestedLevel>1</nestedLevel>
</record>
<record>
  <date>2019-12-12T17:47:12</date>
  <millis>1576194432557</millis>
  <sequence>382</sequence>
  <level>START</level>
  <class>com.kms.katalon.core.logging.XmlKeywordLogger</class>
  <method>startKeyword</method>
  <thread>1</thread>
  <message>Start action : click(findTestObject(\&amp;quot;Object Repository/object_reservation/button_Submit Reservation\&amp;quot;))</message>
  <nestedLevel>1</nestedLevel>
  <property name="startLine">665</property>
  <property name="stepIndex">46</property>
</record>
<record>
  <date>2019-12-12T17:47:14</date>
  <millis>1576194434857</millis>
  <sequence>391</sequence>
  <level>PASSED</level>
  <class>com.kms.katalon.core.logging.XmlKeywordLogger</class>
  <method>logMessage</method>
  <thread>1</thread>
  <message>Object: &amp;apos;Object Repository/object_reservation/button_Submit Reservation&amp;apos; is clicked on</message>
  <nestedLevel>1</nestedLevel>
</record>
<record>
  <date>2019-12-12T17:47:14</date>
  <millis>1576194434858</millis>
  <sequence>392</sequence>
  <level>END</level>
  <class>com.kms.katalon.core.logging.XmlKeywordLogger</class>
  <method>endKeyword</method>
  <thread>1</thread>
  <message>End action : click(findTestObject(\&amp;quot;Object Repository/object_reservation/button_Submit Reservation\&amp;quot;))</message>
  <nestedLevel>1</nestedLevel>
</record>
<record>
  <date>2019-12-12T17:47:14</date>
  <millis>1576194434858</millis>
  <sequence>393</sequence>
  <level>START</level>
  <class>com.kms.katalon.core.logging.XmlKeywordLogger</class>
  <method>startKeyword</method>
  <thread>1</thread>
  <message>Start action : delay(2)</message>
  <nestedLevel>1</nestedLevel>
  <property name="startLine">667</property>
  <property name="stepIndex">47</property>
</record>
<record>
  <date>2019-12-12T17:47:16</date>
  <millis>1576194436859</millis>
  <sequence>395</sequence>
  <level>PASSED</level>
  <class>com.kms.katalon.core.logging.XmlKeywordLogger</class>
  <method>logMessage</method>
  <thread>1</thread>
  <message>Delayed 2 second(s)</message>
  <nestedLevel>1</nestedLevel>
</record>
<record>
  <date>2019-12-12T17:47:16</date>
  <millis>1576194436860</millis>
  <sequence>396</sequence>
  <level>END</level>
  <class>com.kms.katalon.core.logging.XmlKeywordLogger</class>
  <method>endKeyword</method>
  <thread>1</thread>
  <message>End action : delay(2)</message>
  <nestedLevel>1</nestedLevel>
</record>
<record>
  <date>2019-12-12T17:47:16</date>
  <millis>1576194436860</millis>
  <sequence>397</sequence>
  <level>START</level>
  <class>com.kms.katalon.core.logging.XmlKeywordLogger</class>
  <method>startKeyword</method>
  <thread>1</thread>
  <message>Start action : if (flagBoar == \&amp;quot;2\&amp;quot; &amp;amp;&amp;amp; var_repeatingEvery == \&amp;quot;Daily\&amp;quot; || var_repeatingEvery == \&amp;quot;Monthly\&amp;quot; || var_repeatingEvery == \&amp;quot;Weekly\&amp;quot;)</message>
  <nestedLevel>1</nestedLevel>
  <property name="startLine">669</property>
  <property name="stepIndex">48</property>
</record>
<record>
  <date>2019-12-12T17:47:16</date>
  <millis>1576194436860</millis>
  <sequence>398</sequence>
  <level>END</level>
  <class>com.kms.katalon.core.logging.XmlKeywordLogger</class>
  <method>endKeyword</method>
  <thread>1</thread>
  <message>End action : if (flagBoar == \&amp;quot;2\&amp;quot; &amp;amp;&amp;amp; var_repeatingEvery == \&amp;quot;Daily\&amp;quot; || var_repeatingEvery == \&amp;quot;Monthly\&amp;quot; || var_repeatingEvery == \&amp;quot;Weekly\&amp;quot;)</message>
  <nestedLevel>1</nestedLevel>
</record>
<record>
  <date>2019-12-12T17:47:16</date>
  <millis>1576194436860</millis>
  <sequence>399</sequence>
  <level>START</level>
  <class>com.kms.katalon.core.logging.XmlKeywordLogger</class>
  <method>startKeyword</method>
  <thread>1</thread>
  <message>Start action : else</message>
  <nestedLevel>1</nestedLevel>
  <property name="startLine">673</property>
  <property name="stepIndex">49</property>
</record>
<record>
  <date>2019-12-12T17:47:16</date>
  <millis>1576194436860</millis>
  <sequence>400</sequence>
  <level>START</level>
  <class>com.kms.katalon.core.logging.XmlKeywordLogger</class>
  <method>startKeyword</method>
  <thread>1</thread>
  <message>Start action : delay(2)</message>
  <nestedLevel>2</nestedLevel>
  <property name="startLine">674</property>
  <property name="stepIndex">1</property>
</record>
<record>
  <date>2019-12-12T17:47:18</date>
  <millis>1576194438861</millis>
  <sequence>402</sequence>
  <level>PASSED</level>
  <class>com.kms.katalon.core.logging.XmlKeywordLogger</class>
  <method>logMessage</method>
  <thread>1</thread>
  <message>Delayed 2 second(s)</message>
  <nestedLevel>1</nestedLevel>
</record>
<record>
  <date>2019-12-12T17:47:18</date>
  <millis>1576194438862</millis>
  <sequence>403</sequence>
  <level>END</level>
  <class>com.kms.katalon.core.logging.XmlKeywordLogger</class>
  <method>endKeyword</method>
  <thread>1</thread>
  <message>End action : delay(2)</message>
  <nestedLevel>2</nestedLevel>
</record>
<record>
  <date>2019-12-12T17:47:18</date>
  <millis>1576194438862</millis>
  <sequence>404</sequence>
  <level>START</level>
  <class>com.kms.katalon.core.logging.XmlKeywordLogger</class>
  <method>startKeyword</method>
  <thread>1</thread>
  <message>Start action : click(findTestObject(\&amp;quot;Object Repository/object_reservation/button_Return To Reservation\&amp;quot;))</message>
  <nestedLevel>2</nestedLevel>
  <property name="startLine">676</property>
  <property name="stepIndex">2</property>
</record>
</log>
