<?xml version="1.0" encoding="UTF-8" standalone="no"?>
<!DOCTYPE log SYSTEM "logger.dtd">
<log>
<record>
  <date>2020-01-07T01:30:01</date>
  <millis>1578382201460</millis>
  <sequence>0</sequence>
  <level>START</level>
  <class>com.kms.katalon.core.logging.XmlKeywordLogger</class>
  <method>startSuite</method>
  <thread>1</thread>
  <message>Start Test Suite : Test Suites/ts_createInvoice</message>
  <nestedLevel>0</nestedLevel>
  <property name="name">ts_createInvoice</property>
  <property name="description"></property>
  <property name="id">Test Suites/ts_createInvoice</property>
</record>
<record>
  <date>2020-01-07T01:30:01</date>
  <millis>1578382201471</millis>
  <sequence>1</sequence>
  <level>RUN_DATA</level>
  <class>com.kms.katalon.core.logging.XmlKeywordLogger</class>
  <method>logMessage</method>
  <thread>1</thread>
  <message>hostName = leonardo-arkusmty - leonardoarkusmty-Inspiron-5577</message>
  <nestedLevel>0</nestedLevel>
  <property name="hostName">leonardo-arkusmty - leonardoarkusmty-Inspiron-5577</property>
</record>
<record>
  <date>2020-01-07T01:30:01</date>
  <millis>1578382201472</millis>
  <sequence>2</sequence>
  <level>RUN_DATA</level>
  <class>com.kms.katalon.core.logging.XmlKeywordLogger</class>
  <method>logMessage</method>
  <thread>1</thread>
  <message>os = Linux 64bit</message>
  <nestedLevel>0</nestedLevel>
  <property name="os">Linux 64bit</property>
</record>
<record>
  <date>2020-01-07T01:30:01</date>
  <millis>1578382201473</millis>
  <sequence>3</sequence>
  <level>RUN_DATA</level>
  <class>com.kms.katalon.core.logging.XmlKeywordLogger</class>
  <method>logMessage</method>
  <thread>1</thread>
  <message>hostAddress = 127.0.1.1</message>
  <nestedLevel>0</nestedLevel>
  <property name="hostAddress">127.0.1.1</property>
</record>
<record>
  <date>2020-01-07T01:30:01</date>
  <millis>1578382201473</millis>
  <sequence>4</sequence>
  <level>RUN_DATA</level>
  <class>com.kms.katalon.core.logging.XmlKeywordLogger</class>
  <method>logMessage</method>
  <thread>1</thread>
  <message>katalonVersion = 7.0.8.1</message>
  <nestedLevel>0</nestedLevel>
  <property name="katalonVersion">7.0.8.1</property>
</record>
<record>
  <date>2020-01-07T01:30:01</date>
  <millis>1578382201746</millis>
  <sequence>5</sequence>
  <level>START</level>
  <class>com.kms.katalon.core.logging.XmlKeywordLogger</class>
  <method>startTest</method>
  <thread>1</thread>
  <message>Start Test Case : Test Cases/p4p_createInvoce_ok_spy</message>
  <nestedLevel>1</nestedLevel>
  <property name="name">Test Cases/p4p_createInvoce_ok_spy</property>
  <property name="description"></property>
  <property name="id">Test Cases/p4p_createInvoce_ok_spy</property>
  <property name="source">\\home\\leonardo-arkusmty\\Documents\\workspaceKatalon\\p4ptest\\Test Cases\\p4p_createInvoce_ok_spy.tc</property>
  <property name="tag"></property>
  <property name="isOptional">false</property>
</record>
<record>
  <date>2020-01-07T01:30:01</date>
  <millis>1578382201800</millis>
  <sequence>7</sequence>
  <level>INFO</level>
  <class>com.kms.katalon.core.logging.XmlKeywordLogger</class>
  <method>logMessage</method>
  <thread>1</thread>
  <message>var_idRowRes = 1</message>
  <nestedLevel>1</nestedLevel>
</record>
<record>
  <date>2020-01-07T01:30:01</date>
  <millis>1578382201800</millis>
  <sequence>8</sequence>
  <level>INFO</level>
  <class>com.kms.katalon.core.logging.XmlKeywordLogger</class>
  <method>logMessage</method>
  <thread>1</thread>
  <message>var_user = jegchavez@gmail.com</message>
  <nestedLevel>1</nestedLevel>
</record>
<record>
  <date>2020-01-07T01:30:01</date>
  <millis>1578382201801</millis>
  <sequence>9</sequence>
  <level>INFO</level>
  <class>com.kms.katalon.core.logging.XmlKeywordLogger</class>
  <method>logMessage</method>
  <thread>1</thread>
  <message>var_pass = admin1</message>
  <nestedLevel>1</nestedLevel>
</record>
<record>
  <date>2020-01-07T01:30:01</date>
  <millis>1578382201801</millis>
  <sequence>10</sequence>
  <level>INFO</level>
  <class>com.kms.katalon.core.logging.XmlKeywordLogger</class>
  <method>logMessage</method>
  <thread>1</thread>
  <message>var_parent = leongarzagarza@hotmail.com</message>
  <nestedLevel>1</nestedLevel>
</record>
<record>
  <date>2020-01-07T01:30:01</date>
  <millis>1578382201801</millis>
  <sequence>11</sequence>
  <level>INFO</level>
  <class>com.kms.katalon.core.logging.XmlKeywordLogger</class>
  <method>logMessage</method>
  <thread>1</thread>
  <message>var_note = TEST</message>
  <nestedLevel>1</nestedLevel>
</record>
<record>
  <date>2020-01-07T01:30:01</date>
  <millis>1578382201802</millis>
  <sequence>12</sequence>
  <level>INFO</level>
  <class>com.kms.katalon.core.logging.XmlKeywordLogger</class>
  <method>logMessage</method>
  <thread>1</thread>
  <message>var_pets = Ares,Poseidon</message>
  <nestedLevel>1</nestedLevel>
</record>
<record>
  <date>2020-01-07T01:30:01</date>
  <millis>1578382201802</millis>
  <sequence>13</sequence>
  <level>INFO</level>
  <class>com.kms.katalon.core.logging.XmlKeywordLogger</class>
  <method>logMessage</method>
  <thread>1</thread>
  <message>var_date = 16,12,2019</message>
  <nestedLevel>1</nestedLevel>
</record>
<record>
  <date>2020-01-07T01:30:01</date>
  <millis>1578382201803</millis>
  <sequence>14</sequence>
  <level>INFO</level>
  <class>com.kms.katalon.core.logging.XmlKeywordLogger</class>
  <method>logMessage</method>
  <thread>1</thread>
  <message>var_type = BOARDING_SUITE</message>
  <nestedLevel>1</nestedLevel>
</record>
<record>
  <date>2020-01-07T01:30:01</date>
  <millis>1578382201803</millis>
  <sequence>15</sequence>
  <level>INFO</level>
  <class>com.kms.katalon.core.logging.XmlKeywordLogger</class>
  <method>logMessage</method>
  <thread>1</thread>
  <message>var_item = Oasis Suite</message>
  <nestedLevel>1</nestedLevel>
</record>
<record>
  <date>2020-01-07T01:30:02</date>
  <millis>1578382202281</millis>
  <sequence>16</sequence>
  <level>START</level>
  <class>com.kms.katalon.core.logging.XmlKeywordLogger</class>
  <method>startKeyword</method>
  <thread>1</thread>
  <message>Start action : openBrowser(\&amp;quot;https://p4p-qa-bg.aws.paradise4paws.com/login/\&amp;quot;)</message>
  <nestedLevel>1</nestedLevel>
  <property name="startLine">21</property>
  <property name="stepIndex">1</property>
</record>
<record>
  <date>2020-01-07T01:30:02</date>
  <millis>1578382202461</millis>
  <sequence>18</sequence>
  <level>INFO</level>
  <class>com.kms.katalon.core.logging.XmlKeywordLogger</class>
  <method>logMessage</method>
  <thread>1</thread>
  <message>Starting &amp;apos;Chrome&amp;apos; driver</message>
  <nestedLevel>1</nestedLevel>
</record>
<record>
  <date>2020-01-07T01:30:02</date>
  <millis>1578382202486</millis>
  <sequence>20</sequence>
  <level>INFO</level>
  <class>com.kms.katalon.core.logging.XmlKeywordLogger</class>
  <method>logMessage</method>
  <thread>1</thread>
  <message>Action delay is set to 0 seconds</message>
  <nestedLevel>1</nestedLevel>
</record>
<record>
  <date>2020-01-07T01:30:03</date>
  <millis>1578382203320</millis>
  <sequence>22</sequence>
  <level>RUN_DATA</level>
  <class>com.kms.katalon.core.logging.XmlKeywordLogger</class>
  <method>logMessage</method>
  <thread>1</thread>
  <message>sessionId = 0a1baa47af98be93183ac180f0525168</message>
  <nestedLevel>1</nestedLevel>
  <property name="sessionId">0a1baa47af98be93183ac180f0525168</property>
</record>
<record>
  <date>2020-01-07T01:30:03</date>
  <millis>1578382203336</millis>
  <sequence>23</sequence>
  <level>RUN_DATA</level>
  <class>com.kms.katalon.core.logging.XmlKeywordLogger</class>
  <method>logMessage</method>
  <thread>1</thread>
  <message>browser = Chrome 79.0.3945.88</message>
  <nestedLevel>1</nestedLevel>
  <property name="browser">Chrome 79.0.3945.88</property>
</record>
<record>
  <date>2020-01-07T01:30:03</date>
  <millis>1578382203336</millis>
  <sequence>24</sequence>
  <level>RUN_DATA</level>
  <class>com.kms.katalon.core.logging.XmlKeywordLogger</class>
  <method>logMessage</method>
  <thread>1</thread>
  <message>platform = Linux</message>
  <nestedLevel>1</nestedLevel>
  <property name="platform">Linux</property>
</record>
<record>
  <date>2020-01-07T01:30:03</date>
  <millis>1578382203339</millis>
  <sequence>25</sequence>
  <level>RUN_DATA</level>
  <class>com.kms.katalon.core.logging.XmlKeywordLogger</class>
  <method>logMessage</method>
  <thread>1</thread>
  <message>seleniumVersion = 3.141.59</message>
  <nestedLevel>1</nestedLevel>
  <property name="seleniumVersion">3.141.59</property>
</record>
<record>
  <date>2020-01-07T01:30:03</date>
  <millis>1578382203340</millis>
  <sequence>26</sequence>
  <level>RUN_DATA</level>
  <class>com.kms.katalon.core.logging.XmlKeywordLogger</class>
  <method>logMessage</method>
  <thread>1</thread>
  <message>proxyInformation = ProxyInformation{proxyOption=NO_PROXY, proxyServerType=HTTP, password=, proxyServerAddress=, proxyServerPort=0}</message>
  <nestedLevel>1</nestedLevel>
  <property name="proxyInformation">ProxyInformation{proxyOption=NO_PROXY, proxyServerType=HTTP, password=, proxyServerAddress=, proxyServerPort=0}</property>
</record>
<record>
  <date>2020-01-07T01:30:05</date>
  <millis>1578382205173</millis>
  <sequence>28</sequence>
  <level>PASSED</level>
  <class>com.kms.katalon.core.logging.XmlKeywordLogger</class>
  <method>logMessage</method>
  <thread>1</thread>
  <message>Browser is opened with url: &amp;apos;https://p4p-qa-bg.aws.paradise4paws.com/login/&amp;apos;</message>
  <nestedLevel>1</nestedLevel>
</record>
<record>
  <date>2020-01-07T01:30:05</date>
  <millis>1578382205174</millis>
  <sequence>29</sequence>
  <level>END</level>
  <class>com.kms.katalon.core.logging.XmlKeywordLogger</class>
  <method>endKeyword</method>
  <thread>1</thread>
  <message>End action : openBrowser(\&amp;quot;https://p4p-qa-bg.aws.paradise4paws.com/login/\&amp;quot;)</message>
  <nestedLevel>1</nestedLevel>
</record>
<record>
  <date>2020-01-07T01:30:05</date>
  <millis>1578382205174</millis>
  <sequence>30</sequence>
  <level>START</level>
  <class>com.kms.katalon.core.logging.XmlKeywordLogger</class>
  <method>startKeyword</method>
  <thread>1</thread>
  <message>Start action : log = new com.kms.katalon.core.logging.KeywordLogger()</message>
  <nestedLevel>1</nestedLevel>
  <property name="startLine">23</property>
  <property name="stepIndex">2</property>
</record>
<record>
  <date>2020-01-07T01:30:05</date>
  <millis>1578382205175</millis>
  <sequence>31</sequence>
  <level>END</level>
  <class>com.kms.katalon.core.logging.XmlKeywordLogger</class>
  <method>endKeyword</method>
  <thread>1</thread>
  <message>End action : log = new com.kms.katalon.core.logging.KeywordLogger()</message>
  <nestedLevel>1</nestedLevel>
</record>
<record>
  <date>2020-01-07T01:30:05</date>
  <millis>1578382205175</millis>
  <sequence>32</sequence>
  <level>START</level>
  <class>com.kms.katalon.core.logging.XmlKeywordLogger</class>
  <method>startKeyword</method>
  <thread>1</thread>
  <message>Start action : arryPets = var_pets.split(\&amp;quot;,\&amp;quot;)</message>
  <nestedLevel>1</nestedLevel>
  <property name="startLine">25</property>
  <property name="stepIndex">3</property>
</record>
<record>
  <date>2020-01-07T01:30:05</date>
  <millis>1578382205177</millis>
  <sequence>33</sequence>
  <level>END</level>
  <class>com.kms.katalon.core.logging.XmlKeywordLogger</class>
  <method>endKeyword</method>
  <thread>1</thread>
  <message>End action : arryPets = var_pets.split(\&amp;quot;,\&amp;quot;)</message>
  <nestedLevel>1</nestedLevel>
</record>
<record>
  <date>2020-01-07T01:30:05</date>
  <millis>1578382205178</millis>
  <sequence>34</sequence>
  <level>START</level>
  <class>com.kms.katalon.core.logging.XmlKeywordLogger</class>
  <method>startKeyword</method>
  <thread>1</thread>
  <message>Start action : setText(findTestObject(\&amp;quot;Object Repository/object_login/input_user\&amp;quot;), var_user)</message>
  <nestedLevel>1</nestedLevel>
  <property name="startLine">27</property>
  <property name="stepIndex">4</property>
</record>
</log>
